Log file open, 10/24/20 20:53:51
LogInit: Display: Running engine for game: model
LogPlatformFile: Not using cached read wrapper
LogTaskGraph: Started task graph with 5 named threads and 23 total threads with 3 sets of task threads.
LogStats: Stats thread started at 0.490259
LogD3D11RHI: Loaded GFSDK_Aftermath_Lib.x64.dll
LogICUInternationalization: ICU TimeZone Detection - Raw Offset: +8:00, Platform Override: ''
LogPluginManager: Mounting plugin Paper2D
LogPluginManager: Mounting plugin AISupport
LogPluginManager: Mounting plugin LightPropagationVolume
LogPluginManager: Mounting plugin CameraShakePreviewer
LogPluginManager: Mounting plugin ActorLayerUtilities
LogPluginManager: Mounting plugin AnimationSharing
LogPluginManager: Mounting plugin CLionSourceCodeAccess
LogPluginManager: Mounting plugin CodeLiteSourceCodeAccess
LogPluginManager: Mounting plugin GitSourceControl
LogPluginManager: Mounting plugin KDevelopSourceCodeAccess
LogPluginManager: Mounting plugin NullSourceCodeAccess
LogPluginManager: Mounting plugin PerforceSourceControl
LogPluginManager: Mounting plugin PlasticSourceControl
LogPluginManager: Mounting plugin RiderSourceCodeAccess
LogPluginManager: Mounting plugin SubversionSourceControl
LogPluginManager: Mounting plugin UObjectPlugin
LogPluginManager: Mounting plugin VisualStudioCodeSourceCodeAccess
LogPluginManager: Mounting plugin VisualStudioSourceCodeAccess
LogPluginManager: Mounting plugin XCodeSourceCodeAccess
LogPluginManager: Mounting plugin AssetManagerEditor
LogPluginManager: Mounting plugin CryptoKeys
LogPluginManager: Mounting plugin CurveEditorTools
LogPluginManager: Mounting plugin DataValidation
LogPluginManager: Mounting plugin EditorScriptingUtilities
LogPluginManager: Mounting plugin FacialAnimation
LogPluginManager: Mounting plugin GameplayTagsEditor
LogPluginManager: Mounting plugin GeometryMode
LogPluginManager: Mounting plugin MacGraphicsSwitching
LogPluginManager: Mounting plugin MaterialAnalyzer
LogPluginManager: Mounting plugin MobileLauncherProfileWizard
LogPluginManager: Mounting plugin PluginBrowser
LogPluginManager: Mounting plugin SpeedTreeImporter
LogPluginManager: Mounting plugin DatasmithContent
LogPluginManager: Mounting plugin VariantManagerContent
LogPluginManager: Mounting plugin AlembicImporter
LogPluginManager: Mounting plugin AutomationUtils
LogPluginManager: Mounting plugin BackChannel
LogPluginManager: Mounting plugin ChaosCloth
LogPluginManager: Mounting plugin ChaosClothEditor
LogPluginManager: Mounting plugin ChaosEditor
LogPluginManager: Mounting plugin ChaosNiagara
LogPluginManager: Mounting plugin ChaosSolverPlugin
LogPluginManager: Mounting plugin CharacterAI
LogPluginManager: Mounting plugin GeometryCache
LogPluginManager: Mounting plugin GeometryCollectionPlugin
LogPluginManager: Mounting plugin GeometryProcessing
LogPluginManager: Mounting plugin PlanarCut
LogPluginManager: Mounting plugin PlatformCrypto
LogPluginManager: Mounting plugin ProxyLODPlugin
LogPluginManager: Mounting plugin SkeletalReduction
LogPluginManager: Mounting plugin Niagara
LogPluginManager: Mounting plugin MagicLeap
LogPluginManager: Mounting plugin MagicLeapLightEstimation
LogPluginManager: Mounting plugin MagicLeapMedia
LogPluginManager: Mounting plugin MagicLeapPassableWorld
LogPluginManager: Mounting plugin MLSDK
LogPluginManager: Mounting plugin AndroidMedia
LogPluginManager: Mounting plugin AvfMedia
LogPluginManager: Mounting plugin ImgMedia
LogPluginManager: Mounting plugin MediaCompositing
LogPluginManager: Mounting plugin MediaPlayerEditor
LogPluginManager: Mounting plugin WebMMedia
LogPluginManager: Mounting plugin WmfMedia
LogPluginManager: Mounting plugin MeshPainting
LogPluginManager: Mounting plugin TcpMessaging
LogPluginManager: Mounting plugin UdpMessaging
LogPluginManager: Mounting plugin ActorSequence
LogPluginManager: Mounting plugin LevelSequenceEditor
LogPluginManager: Mounting plugin MatineeToLevelSequence
LogPluginManager: Mounting plugin MovieRenderPipeline
LogPluginManager: Mounting plugin TemplateSequence
LogPluginManager: Mounting plugin NetcodeUnitTest
LogPluginManager: Mounting plugin NUTUnrealEngine4
LogPluginManager: Mounting plugin OnlineSubsystemGooglePlay
LogPluginManager: Mounting plugin OnlineSubsystemIOS
LogPluginManager: Mounting plugin OnlineSubsystem
LogPluginManager: Mounting plugin OnlineSubsystemNull
LogPluginManager: Mounting plugin OnlineSubsystemUtils
LogPluginManager: Mounting plugin LauncherChunkInstaller
LogPluginManager: Mounting plugin AndroidDeviceProfileSelector
LogPluginManager: Mounting plugin AndroidMoviePlayer
LogPluginManager: Mounting plugin AndroidPermission
LogPluginManager: Mounting plugin AppleImageUtils
LogPluginManager: Mounting plugin AppleMoviePlayer
LogPluginManager: Mounting plugin ArchVisCharacter
LogPluginManager: Mounting plugin AssetTags
LogPluginManager: Mounting plugin AudioCapture
LogPluginManager: Mounting plugin CableComponent
LogPluginManager: Mounting plugin CustomMeshComponent
LogPluginManager: Mounting plugin EditableMesh
LogPluginManager: Mounting plugin ExampleDeviceProfileSelector
LogPluginManager: Mounting plugin GoogleCloudMessaging
LogPluginManager: Mounting plugin GooglePAD
LogPluginManager: Mounting plugin IOSDeviceProfileSelector
LogPluginManager: Mounting plugin LinuxDeviceProfileSelector
LogPluginManager: Mounting plugin LocationServicesBPLibrary
LogPluginManager: Mounting plugin MobilePatchingUtils
LogPluginManager: Mounting plugin OculusVR
LogPluginManager: Mounting plugin PhysXVehicles
LogPluginManager: Mounting plugin PostSplashScreen
LogPluginManager: Mounting plugin ProceduralMeshComponent
LogPluginManager: Mounting plugin RuntimePhysXCooking
LogPluginManager: Mounting plugin SignificanceManager
LogPluginManager: Mounting plugin SoundFields
LogPluginManager: Mounting plugin SteamVR
LogPluginManager: Mounting plugin Synthesis
LogPluginManager: Mounting plugin WebMMoviePlayer
LogPluginManager: Mounting plugin WindowsMoviePlayer
LogPluginManager: Mounting plugin ScreenshotTools
LogInit: Using libcurl 7.55.1-DEV
LogInit:  - built for x86_64-pc-win32
LogInit:  - supports SSL with OpenSSL/1.1.1
LogInit:  - supports HTTP deflate (compression) using libz 1.2.8
LogInit:  - other features:
LogInit:      CURL_VERSION_SSL
LogInit:      CURL_VERSION_LIBZ
LogInit:      CURL_VERSION_IPV6
LogInit:      CURL_VERSION_ASYNCHDNS
LogInit:      CURL_VERSION_LARGEFILE
LogInit:      CURL_VERSION_IDN
LogInit:  CurlRequestOptions (configurable via config and command line):
LogInit:  - bVerifyPeer = true  - Libcurl will verify peer certificate
LogInit:  - bUseHttpProxy = true  - Libcurl will use HTTP proxy
LogInit:  - HttpProxyAddress = '127.0.0.1:7890'
LogInit:  - bDontReuseConnections = false  - Libcurl will reuse connections
LogInit:  - MaxHostConnections = 16  - Libcurl will limit the number of connections to a host
LogInit:  - LocalHostAddr = Default
LogInit:  - BufferSize = 65536
LogOnline: OSS: Creating online subsystem instance for: NULL
LogInit: WinSock: version 1.1 (2.2), MaxSocks=32767, MaxUdp=65467
LogOnline: OSS: TryLoadSubsystemAndSetDefault: Loaded subsystem for module [NULL]
LogInit: Build: ++UE4+Release-4.25-CL-13942748
LogInit: Engine Version: 4.25.3-13942748+++UE4+Release-4.25
LogInit: Compatible Engine Version: 4.25.0-13144385+++UE4+Release-4.25
LogInit: Net CL: 13144385
LogInit: OS: Windows 10 (Release 1903) (), CPU: Intel(R) Core(TM) i5-10210U CPU @ 1.60GHz, GPU: Intel(R) UHD Graphics
LogInit: Compiled (64-bit): Jul 25 2020 02:07:48
LogInit: Compiled with Visual C++: 19.24.28315.00
LogInit: Build Configuration: Development
LogInit: Branch Name: ++UE4+Release-4.25
LogInit: Command Line: 
LogInit: Base Directory: D:/Epic/UE_4.25/Engine/Binaries/Win64/
LogInit: Allocator: TBB
LogInit: Installed Engine Build: 1
LogDevObjectVersion: Number of dev versions registered: 26
LogDevObjectVersion:   Dev-Blueprints (B0D832E4-1F89-4F0D-ACCF-7EB736FD4AA2): 10
LogDevObjectVersion:   Dev-Build (E1C64328-A22C-4D53-A36C-8E866417BD8C): 0
LogDevObjectVersion:   Dev-Core (375EC13C-06E4-48FB-B500-84F0262A717E): 4
LogDevObjectVersion:   Dev-Editor (E4B068ED-F494-42E9-A231-DA0B2E46BB41): 38
LogDevObjectVersion:   Dev-Framework (CFFC743F-43B0-4480-9391-14DF171D2073): 37
LogDevObjectVersion:   Dev-Mobile (B02B49B5-BB20-44E9-A304-32B752E40360): 2
LogDevObjectVersion:   Dev-Networking (A4E4105C-59A1-49B5-A7C5-40C4547EDFEE): 0
LogDevObjectVersion:   Dev-Online (39C831C9-5AE6-47DC-9A44-9C173E1C8E7C): 0
LogDevObjectVersion:   Dev-Physics (78F01B33-EBEA-4F98-B9B4-84EACCB95AA2): 4
LogDevObjectVersion:   Dev-Platform (6631380F-2D4D-43E0-8009-CF276956A95A): 0
LogDevObjectVersion:   Dev-Rendering (12F88B9F-8875-4AFC-A67C-D90C383ABD29): 43
LogDevObjectVersion:   Dev-Sequencer (7B5AE74C-D270-4C10-A958-57980B212A5A): 12
LogDevObjectVersion:   Dev-VR (D7296918-1DD6-4BDD-9DE2-64A83CC13884): 3
LogDevObjectVersion:   Dev-LoadTimes (C2A15278-BFE7-4AFE-6C17-90FF531DF755): 1
LogDevObjectVersion:   Private-Geometry (6EACA3D4-40EC-4CC1-B786-8BED09428FC5): 3
LogDevObjectVersion:   Dev-AnimPhys (29E575DD-E0A3-4627-9D10-D276232CDCEA): 17
LogDevObjectVersion:   Dev-Anim (AF43A65D-7FD3-4947-9873-3E8ED9C1BB05): 7
LogDevObjectVersion:   Dev-ReflectionCapture (6B266CEC-1EC7-4B8F-A30B-E4D90942FC07): 1
LogDevObjectVersion:   Dev-Automation (0DF73D61-A23F-47EA-B727-89E90C41499A): 1
LogDevObjectVersion:   FortniteMain (601D1886-AC64-4F84-AA16-D3DE0DEAC7D6): 31
LogDevObjectVersion:   Dev-Enterprise (9DFFBCD6-494F-0158-E221-12823C92A888): 10
LogDevObjectVersion:   Dev-Niagara (F2AED0AC-9AFE-416F-8664-AA7FFA26D6FC): 1
LogDevObjectVersion:   Dev-Destruction (174F1F0B-B4C6-45A5-B13F-2EE8D0FB917D): 10
LogDevObjectVersion:   Dev-Physics-Ext (35F94A83-E258-406C-A318-09F59610247C): 37
LogDevObjectVersion:   Dev-PhysicsMaterial-Chaos (B68FC16E-8B1B-42E2-B453-215C058844FE): 1
LogDevObjectVersion:   Dev-CineCamera (B2E18506-4273-CFC2-A54E-F4BB758BBA07): 1
LogInit: Presizing for max 25165824 objects, including 0 objects not considered by GC, pre-allocating 0 bytes for permanent pool.
LogConfig: Applying CVar settings from Section [/Script/Engine.StreamingSettings] File [C:/Users/20150/Documents/Unreal Projects/model/Saved/Config/Windows/Engine.ini]
LogConfig: Setting CVar [[s.MinBulkDataSizeForAsyncLoading:131072]]
LogConfig: Setting CVar [[s.AsyncLoadingThreadEnabled:0]]
LogConfig: Setting CVar [[s.EventDrivenLoaderEnabled:1]]
LogConfig: Setting CVar [[s.WarnIfTimeLimitExceeded:0]]
LogConfig: Setting CVar [[s.TimeLimitExceededMultiplier:1.5]]
LogConfig: Setting CVar [[s.TimeLimitExceededMinTime:0.005]]
LogConfig: Setting CVar [[s.UseBackgroundLevelStreaming:1]]
LogConfig: Setting CVar [[s.PriorityAsyncLoadingExtraTime:15.0]]
LogConfig: Setting CVar [[s.LevelStreamingActorsUpdateTimeLimit:5.0]]
LogConfig: Setting CVar [[s.PriorityLevelStreamingActorsUpdateExtraTime:5.0]]
LogConfig: Setting CVar [[s.LevelStreamingComponentsRegistrationGranularity:10]]
LogConfig: Setting CVar [[s.UnregisterComponentsTimeLimit:1.0]]
LogConfig: Setting CVar [[s.LevelStreamingComponentsUnregistrationGranularity:5]]
LogConfig: Setting CVar [[s.FlushStreamingOnExit:1]]
LogInit: Object subsystem initialized
LogConfig: Setting CVar [[con.DebugEarlyDefault:1]]
LogConfig: Setting CVar [[r.setres:1280x720]]
[2020.10.24-12.53.51:573][  0]LogConfig: Setting CVar [[r.VSync:0]]
[2020.10.24-12.53.51:573][  0]LogConfig: Setting CVar [[r.RHICmdBypass:0]]
[2020.10.24-12.53.51:573][  0]LogConfig: Applying CVar settings from Section [/Script/Engine.RendererSettings] File [C:/Users/20150/Documents/Unreal Projects/model/Saved/Config/Windows/Engine.ini]
[2020.10.24-12.53.51:574][  0]LogConfig: Setting CVar [[r.GPUCrashDebugging:0]]
[2020.10.24-12.53.51:574][  0]LogConfig: Applying CVar settings from Section [/Script/Engine.RendererOverrideSettings] File [C:/Users/20150/Documents/Unreal Projects/model/Saved/Config/Windows/Engine.ini]
[2020.10.24-12.53.51:574][  0]LogConfig: Applying CVar settings from Section [/Script/Engine.StreamingSettings] File [C:/Users/20150/Documents/Unreal Projects/model/Saved/Config/Windows/Engine.ini]
[2020.10.24-12.53.51:574][  0]LogConfig: Setting CVar [[s.MinBulkDataSizeForAsyncLoading:131072]]
[2020.10.24-12.53.51:574][  0]LogConfig: Setting CVar [[s.AsyncLoadingThreadEnabled:0]]
[2020.10.24-12.53.51:574][  0]LogConfig: Setting CVar [[s.EventDrivenLoaderEnabled:1]]
[2020.10.24-12.53.51:574][  0]LogConfig: Setting CVar [[s.WarnIfTimeLimitExceeded:0]]
[2020.10.24-12.53.51:574][  0]LogConfig: Setting CVar [[s.TimeLimitExceededMultiplier:1.5]]
[2020.10.24-12.53.51:574][  0]LogConfig: Setting CVar [[s.TimeLimitExceededMinTime:0.005]]
[2020.10.24-12.53.51:574][  0]LogConfig: Setting CVar [[s.UseBackgroundLevelStreaming:1]]
[2020.10.24-12.53.51:574][  0]LogConfig: Setting CVar [[s.PriorityAsyncLoadingExtraTime:15.0]]
[2020.10.24-12.53.51:574][  0]LogConfig: Setting CVar [[s.LevelStreamingActorsUpdateTimeLimit:5.0]]
[2020.10.24-12.53.51:574][  0]LogConfig: Setting CVar [[s.PriorityLevelStreamingActorsUpdateExtraTime:5.0]]
[2020.10.24-12.53.51:574][  0]LogConfig: Setting CVar [[s.LevelStreamingComponentsRegistrationGranularity:10]]
[2020.10.24-12.53.51:574][  0]LogConfig: Setting CVar [[s.UnregisterComponentsTimeLimit:1.0]]
[2020.10.24-12.53.51:574][  0]LogConfig: Setting CVar [[s.LevelStreamingComponentsUnregistrationGranularity:5]]
[2020.10.24-12.53.51:574][  0]LogConfig: Setting CVar [[s.FlushStreamingOnExit:1]]
[2020.10.24-12.53.51:574][  0]LogConfig: Applying CVar settings from Section [/Script/Engine.GarbageCollectionSettings] File [C:/Users/20150/Documents/Unreal Projects/model/Saved/Config/Windows/Engine.ini]
[2020.10.24-12.53.51:574][  0]LogConfig: Setting CVar [[gc.MaxObjectsNotConsideredByGC:1]]
[2020.10.24-12.53.51:574][  0]LogConfig: Setting CVar [[gc.SizeOfPermanentObjectPool:0]]
[2020.10.24-12.53.51:574][  0]LogConfig: Setting CVar [[gc.FlushStreamingOnGC:0]]
[2020.10.24-12.53.51:574][  0]LogConfig: Setting CVar [[gc.NumRetriesBeforeForcingGC:10]]
[2020.10.24-12.53.51:574][  0]LogConfig: Setting CVar [[gc.AllowParallelGC:1]]
[2020.10.24-12.53.51:574][  0]LogConfig: Setting CVar [[gc.TimeBetweenPurgingPendingKillObjects:61.1]]
[2020.10.24-12.53.51:574][  0]LogConfig: Setting CVar [[gc.MaxObjectsInEditor:25165824]]
[2020.10.24-12.53.51:574][  0]LogConfig: Setting CVar [[gc.IncrementalBeginDestroyEnabled:1]]
[2020.10.24-12.53.51:574][  0]LogConfig: Setting CVar [[gc.CreateGCClusters:1]]
[2020.10.24-12.53.51:574][  0]LogConfig: Setting CVar [[gc.MinGCClusterSize:5]]
[2020.10.24-12.53.51:574][  0]LogConfig: Setting CVar [[gc.ActorClusteringEnabled:0]]
[2020.10.24-12.53.51:574][  0]LogConfig: Setting CVar [[gc.BlueprintClusteringEnabled:0]]
[2020.10.24-12.53.51:574][  0]LogConfig: Setting CVar [[gc.UseDisregardForGCOnDedicatedServers:0]]
[2020.10.24-12.53.51:574][  0]LogConfig: Applying CVar settings from Section [/Script/Engine.NetworkSettings] File [C:/Users/20150/Documents/Unreal Projects/model/Saved/Config/Windows/Engine.ini]
[2020.10.24-12.53.51:574][  0]LogConfig: Applying CVar settings from Section [/Script/UnrealEd.CookerSettings] File [C:/Users/20150/Documents/Unreal Projects/model/Saved/Config/Windows/Engine.ini]
[2020.10.24-12.53.51:577][  0]LogConfig: Applying CVar settings from Section [ViewDistanceQuality@3] File [C:/Users/20150/Documents/Unreal Projects/model/Saved/Config/Windows/Scalability.ini]
[2020.10.24-12.53.51:577][  0]LogConfig: Setting CVar [[r.SkeletalMeshLODBias:0]]
[2020.10.24-12.53.51:577][  0]LogConfig: Setting CVar [[r.ViewDistanceScale:1.0]]
[2020.10.24-12.53.51:577][  0]LogConfig: Applying CVar settings from Section [AntiAliasingQuality@3] File [C:/Users/20150/Documents/Unreal Projects/model/Saved/Config/Windows/Scalability.ini]
[2020.10.24-12.53.51:577][  0]LogConfig: Setting CVar [[r.PostProcessAAQuality:4]]
[2020.10.24-12.53.51:577][  0]LogConfig: Applying CVar settings from Section [ShadowQuality@3] File [C:/Users/20150/Documents/Unreal Projects/model/Saved/Config/Windows/Scalability.ini]
[2020.10.24-12.53.51:577][  0]LogConfig: Setting CVar [[r.LightFunctionQuality:1]]
[2020.10.24-12.53.51:577][  0]LogConfig: Setting CVar [[r.ShadowQuality:5]]
[2020.10.24-12.53.51:577][  0]LogConfig: Setting CVar [[r.Shadow.CSM.MaxCascades:10]]
[2020.10.24-12.53.51:577][  0]LogConfig: Setting CVar [[r.Shadow.MaxResolution:2048]]
[2020.10.24-12.53.51:577][  0]LogConfig: Setting CVar [[r.Shadow.MaxCSMResolution:2048]]
[2020.10.24-12.53.51:577][  0]LogConfig: Setting CVar [[r.Shadow.RadiusThreshold:0.01]]
[2020.10.24-12.53.51:577][  0]LogConfig: Setting CVar [[r.Shadow.DistanceScale:1.0]]
[2020.10.24-12.53.51:577][  0]LogConfig: Setting CVar [[r.Shadow.CSM.TransitionScale:1.0]]
[2020.10.24-12.53.51:577][  0]LogConfig: Setting CVar [[r.Shadow.PreShadowResolutionFactor:1.0]]
[2020.10.24-12.53.51:577][  0]LogConfig: Setting CVar [[r.DistanceFieldShadowing:1]]
[2020.10.24-12.53.51:578][  0]LogConfig: Setting CVar [[r.DistanceFieldAO:1]]
[2020.10.24-12.53.51:578][  0]LogConfig: Setting CVar [[r.AOQuality:2]]
[2020.10.24-12.53.51:578][  0]LogConfig: Setting CVar [[r.VolumetricFog:1]]
[2020.10.24-12.53.51:578][  0]LogConfig: Setting CVar [[r.VolumetricFog.GridPixelSize:8]]
[2020.10.24-12.53.51:578][  0]LogConfig: Setting CVar [[r.VolumetricFog.GridSizeZ:128]]
[2020.10.24-12.53.51:578][  0]LogConfig: Setting CVar [[r.VolumetricFog.HistoryMissSupersampleCount:4]]
[2020.10.24-12.53.51:578][  0]LogConfig: Setting CVar [[r.LightMaxDrawDistanceScale:1]]
[2020.10.24-12.53.51:578][  0]LogConfig: Setting CVar [[r.CapsuleShadows:1]]
[2020.10.24-12.53.51:578][  0]LogConfig: Applying CVar settings from Section [PostProcessQuality@3] File [C:/Users/20150/Documents/Unreal Projects/model/Saved/Config/Windows/Scalability.ini]
[2020.10.24-12.53.51:578][  0]LogConfig: Setting CVar [[r.MotionBlurQuality:4]]
[2020.10.24-12.53.51:578][  0]LogConfig: Setting CVar [[r.AmbientOcclusionMipLevelFactor:0.4]]
[2020.10.24-12.53.51:578][  0]LogConfig: Setting CVar [[r.AmbientOcclusionMaxQuality:100]]
[2020.10.24-12.53.51:578][  0]LogConfig: Setting CVar [[r.AmbientOcclusionLevels:-1]]
[2020.10.24-12.53.51:578][  0]LogConfig: Setting CVar [[r.AmbientOcclusionRadiusScale:1.0]]
[2020.10.24-12.53.51:578][  0]LogConfig: Setting CVar [[r.DepthOfFieldQuality:2]]
[2020.10.24-12.53.51:578][  0]LogConfig: Setting CVar [[r.RenderTargetPoolMin:400]]
[2020.10.24-12.53.51:578][  0]LogConfig: Setting CVar [[r.LensFlareQuality:2]]
[2020.10.24-12.53.51:578][  0]LogConfig: Setting CVar [[r.SceneColorFringeQuality:1]]
[2020.10.24-12.53.51:578][  0]LogConfig: Setting CVar [[r.EyeAdaptationQuality:2]]
[2020.10.24-12.53.51:578][  0]LogConfig: Setting CVar [[r.BloomQuality:5]]
[2020.10.24-12.53.51:578][  0]LogConfig: Setting CVar [[r.FastBlurThreshold:100]]
[2020.10.24-12.53.51:578][  0]LogConfig: Setting CVar [[r.Upscale.Quality:3]]
[2020.10.24-12.53.51:578][  0]LogConfig: Setting CVar [[r.Tonemapper.GrainQuantization:1]]
[2020.10.24-12.53.51:578][  0]LogConfig: Setting CVar [[r.LightShaftQuality:1]]
[2020.10.24-12.53.51:578][  0]LogConfig: Setting CVar [[r.Filter.SizeScale:1]]
[2020.10.24-12.53.51:578][  0]LogConfig: Setting CVar [[r.Tonemapper.Quality:5]]
[2020.10.24-12.53.51:578][  0]LogConfig: Setting CVar [[r.DOF.Gather.AccumulatorQuality:1        ; higher gathering accumulator quality]]
[2020.10.24-12.53.51:578][  0]LogConfig: Setting CVar [[r.DOF.Gather.PostfilterMethod:1          ; Median3x3 postfilering method]]
[2020.10.24-12.53.51:578][  0]LogConfig: Setting CVar [[r.DOF.Gather.EnableBokehSettings:0       ; no bokeh simulation when gathering]]
[2020.10.24-12.53.51:578][  0]LogConfig: Setting CVar [[r.DOF.Gather.RingCount:4                 ; medium number of samples when gathering]]
[2020.10.24-12.53.51:578][  0]LogConfig: Setting CVar [[r.DOF.Scatter.ForegroundCompositing:1    ; additive foreground scattering]]
[2020.10.24-12.53.51:578][  0]LogConfig: Setting CVar [[r.DOF.Scatter.BackgroundCompositing:2    ; additive background scattering]]
[2020.10.24-12.53.51:578][  0]LogConfig: Setting CVar [[r.DOF.Scatter.EnableBokehSettings:1      ; bokeh simulation when scattering]]
[2020.10.24-12.53.51:578][  0]LogConfig: Setting CVar [[r.DOF.Scatter.MaxSpriteRatio:0.1         ; only a maximum of 10% of scattered bokeh]]
[2020.10.24-12.53.51:578][  0]LogConfig: Setting CVar [[r.DOF.Recombine.Quality:1                ; cheap slight out of focus]]
[2020.10.24-12.53.51:578][  0]LogConfig: Setting CVar [[r.DOF.Recombine.EnableBokehSettings:0    ; no bokeh simulation on slight out of focus]]
[2020.10.24-12.53.51:578][  0]LogConfig: Setting CVar [[r.DOF.TemporalAAQuality:1                ; more stable temporal accumulation]]
[2020.10.24-12.53.51:578][  0]LogConfig: Setting CVar [[r.DOF.Kernel.MaxForegroundRadius:0.025]]
[2020.10.24-12.53.51:578][  0]LogConfig: Setting CVar [[r.DOF.Kernel.MaxBackgroundRadius:0.025]]
[2020.10.24-12.53.51:578][  0]LogConfig: Applying CVar settings from Section [TextureQuality@3] File [C:/Users/20150/Documents/Unreal Projects/model/Saved/Config/Windows/Scalability.ini]
[2020.10.24-12.53.51:578][  0]LogConfig: Setting CVar [[r.Streaming.MipBias:0]]
[2020.10.24-12.53.51:578][  0]LogConfig: Setting CVar [[r.Streaming.AmortizeCPUToGPUCopy:0]]
[2020.10.24-12.53.51:578][  0]LogConfig: Setting CVar [[r.Streaming.MaxNumTexturesToStreamPerFrame:0]]
[2020.10.24-12.53.51:578][  0]LogConfig: Setting CVar [[r.Streaming.Boost:1]]
[2020.10.24-12.53.51:578][  0]LogConfig: Setting CVar [[r.MaxAnisotropy:8]]
[2020.10.24-12.53.51:578][  0]LogConfig: Setting CVar [[r.VT.MaxAnisotropy:8]]
[2020.10.24-12.53.51:578][  0]LogConfig: Setting CVar [[r.Streaming.LimitPoolSizeToVRAM:0]]
[2020.10.24-12.53.51:578][  0]LogConfig: Setting CVar [[r.Streaming.PoolSize:1000]]
[2020.10.24-12.53.51:578][  0]LogConfig: Setting CVar [[r.Streaming.MaxEffectiveScreenSize:0]]
[2020.10.24-12.53.51:578][  0]LogConfig: Applying CVar settings from Section [EffectsQuality@3] File [C:/Users/20150/Documents/Unreal Projects/model/Saved/Config/Windows/Scalability.ini]
[2020.10.24-12.53.51:578][  0]LogConfig: Setting CVar [[r.TranslucencyLightingVolumeDim:64]]
[2020.10.24-12.53.51:578][  0]LogConfig: Setting CVar [[r.RefractionQuality:2]]
[2020.10.24-12.53.51:578][  0]LogConfig: Setting CVar [[r.SSR.Quality:3]]
[2020.10.24-12.53.51:578][  0]LogConfig: Setting CVar [[r.SSR.HalfResSceneColor:0]]
[2020.10.24-12.53.51:578][  0]LogConfig: Setting CVar [[r.SceneColorFormat:4]]
[2020.10.24-12.53.51:578][  0]LogConfig: Setting CVar [[r.DetailMode:2]]
[2020.10.24-12.53.51:578][  0]LogConfig: Setting CVar [[r.TranslucencyVolumeBlur:1]]
[2020.10.24-12.53.51:578][  0]LogConfig: Setting CVar [[r.MaterialQualityLevel:1 ; High quality]]
[2020.10.24-12.53.51:578][  0]LogConfig: Setting CVar [[r.SSS.Scale:1]]
[2020.10.24-12.53.51:578][  0]LogConfig: Setting CVar [[r.SSS.SampleSet:2]]
[2020.10.24-12.53.51:578][  0]LogConfig: Setting CVar [[r.SSS.Quality:1]]
[2020.10.24-12.53.51:578][  0]LogConfig: Setting CVar [[r.SSS.HalfRes:0]]
[2020.10.24-12.53.51:578][  0]LogConfig: Setting CVar [[r.SSGI.Quality:3]]
[2020.10.24-12.53.51:578][  0]LogConfig: Setting CVar [[r.EmitterSpawnRateScale:1.0]]
[2020.10.24-12.53.51:578][  0]LogConfig: Setting CVar [[r.ParticleLightQuality:2]]
[2020.10.24-12.53.51:578][  0]LogConfig: Setting CVar [[r.SkyAtmosphere.AerialPerspectiveLUT.FastApplyOnOpaque:1 ; Always have FastSkyLUT 1 in this case to avoid wrong sky]]
[2020.10.24-12.53.51:578][  0]LogConfig: Setting CVar [[r.SkyAtmosphere.AerialPerspectiveLUT.SampleCountPerSlice:1]]
[2020.10.24-12.53.51:578][  0]LogConfig: Setting CVar [[r.SkyAtmosphere.AerialPerspectiveLUT.DepthResolution:16.0]]
[2020.10.24-12.53.51:578][  0]LogConfig: Setting CVar [[r.SkyAtmosphere.FastSkyLUT:1]]
[2020.10.24-12.53.51:578][  0]LogConfig: Setting CVar [[r.SkyAtmosphere.FastSkyLUT.SampleCountMin:4.0]]
[2020.10.24-12.53.51:578][  0]LogConfig: Setting CVar [[r.SkyAtmosphere.FastSkyLUT.SampleCountMax:32.0]]
[2020.10.24-12.53.51:578][  0]LogConfig: Setting CVar [[r.SkyAtmosphere.SampleCountMin:4.0]]
[2020.10.24-12.53.51:578][  0]LogConfig: Setting CVar [[r.SkyAtmosphere.SampleCountMax:32.0]]
[2020.10.24-12.53.51:578][  0]LogConfig: Setting CVar [[r.SkyAtmosphere.TransmittanceLUT.UseSmallFormat:0]]
[2020.10.24-12.53.51:578][  0]LogConfig: Setting CVar [[r.SkyAtmosphere.TransmittanceLUT.SampleCount:10.0]]
[2020.10.24-12.53.51:578][  0]LogConfig: Setting CVar [[r.SkyAtmosphere.MultiScatteringLUT.SampleCount:15.0]]
[2020.10.24-12.53.51:578][  0]LogConfig: Applying CVar settings from Section [FoliageQuality@3] File [C:/Users/20150/Documents/Unreal Projects/model/Saved/Config/Windows/Scalability.ini]
[2020.10.24-12.53.51:578][  0]LogConfig: Setting CVar [[foliage.DensityScale:1.0]]
[2020.10.24-12.53.51:578][  0]LogConfig: Setting CVar [[grass.DensityScale:1.0]]
[2020.10.24-12.53.51:578][  0]LogConfig: Applying CVar settings from Section [ShadingQuality@3] File [C:/Users/20150/Documents/Unreal Projects/model/Saved/Config/Windows/Scalability.ini]
[2020.10.24-12.53.51:578][  0]LogConfig: Setting CVar [[r.HairStrands.SkyLighting.SampleCount:16]]
[2020.10.24-12.53.51:578][  0]LogConfig: Setting CVar [[r.HairStrands.SkyLighting.JitterIntegration:0]]
[2020.10.24-12.53.51:578][  0]LogConfig: Setting CVar [[r.HairStrands.SkyAO.SampleCount:16]]
[2020.10.24-12.53.51:578][  0]LogConfig: Setting CVar [[r.HairStrands.DeepShadow.SuperSampling:0]]
[2020.10.24-12.53.51:578][  0]LogConfig: Setting CVar [[r.HairStrands.VisibilityPPLL:0]]
[2020.10.24-12.53.51:578][  0]LogConfig: Setting CVar [[r.HairStrands.RasterizationScale:0.5]]
[2020.10.24-12.53.51:578][  0]LogConfig: Setting CVar [[r.HairStrands.VelocityRasterizationScale:1]]
[2020.10.24-12.53.51:579][  0]LogInit: Selected Device Profile: [Windows]
[2020.10.24-12.53.51:579][  0]LogInit: Applying CVar settings loaded from the selected device profile: [Windows]
[2020.10.24-12.53.51:579][  0]LogHAL: Display: Platform has ~ 16 GB [16966471680 / 17179869184 / 16], which maps to Larger [LargestMinGB=32, LargerMinGB=12, DefaultMinGB=8, SmallerMinGB=6, SmallestMinGB=0)
[2020.10.24-12.53.51:580][  0]LogInit: Going up to parent DeviceProfile []
[2020.10.24-12.53.51:580][  0]LogConfig: Applying CVar settings from Section [ViewDistanceQuality@3] File [C:/Users/20150/Documents/Unreal Projects/model/Saved/Config/Windows/Scalability.ini]
[2020.10.24-12.53.51:580][  0]LogConfig: Setting CVar [[r.SkeletalMeshLODBias:0]]
[2020.10.24-12.53.51:580][  0]LogConfig: Setting CVar [[r.ViewDistanceScale:1.0]]
[2020.10.24-12.53.51:580][  0]LogConfig: Applying CVar settings from Section [AntiAliasingQuality@3] File [C:/Users/20150/Documents/Unreal Projects/model/Saved/Config/Windows/Scalability.ini]
[2020.10.24-12.53.51:580][  0]LogConfig: Setting CVar [[r.PostProcessAAQuality:4]]
[2020.10.24-12.53.51:580][  0]LogConfig: Applying CVar settings from Section [ShadowQuality@3] File [C:/Users/20150/Documents/Unreal Projects/model/Saved/Config/Windows/Scalability.ini]
[2020.10.24-12.53.51:580][  0]LogConfig: Setting CVar [[r.LightFunctionQuality:1]]
[2020.10.24-12.53.51:580][  0]LogConfig: Setting CVar [[r.ShadowQuality:5]]
[2020.10.24-12.53.51:580][  0]LogConfig: Setting CVar [[r.Shadow.CSM.MaxCascades:10]]
[2020.10.24-12.53.51:580][  0]LogConfig: Setting CVar [[r.Shadow.MaxResolution:2048]]
[2020.10.24-12.53.51:580][  0]LogConfig: Setting CVar [[r.Shadow.MaxCSMResolution:2048]]
[2020.10.24-12.53.51:580][  0]LogConfig: Setting CVar [[r.Shadow.RadiusThreshold:0.01]]
[2020.10.24-12.53.51:580][  0]LogConfig: Setting CVar [[r.Shadow.DistanceScale:1.0]]
[2020.10.24-12.53.51:580][  0]LogConfig: Setting CVar [[r.Shadow.CSM.TransitionScale:1.0]]
[2020.10.24-12.53.51:580][  0]LogConfig: Setting CVar [[r.Shadow.PreShadowResolutionFactor:1.0]]
[2020.10.24-12.53.51:580][  0]LogConfig: Setting CVar [[r.DistanceFieldShadowing:1]]
[2020.10.24-12.53.51:580][  0]LogConfig: Setting CVar [[r.DistanceFieldAO:1]]
[2020.10.24-12.53.51:580][  0]LogConfig: Setting CVar [[r.AOQuality:2]]
[2020.10.24-12.53.51:580][  0]LogConfig: Setting CVar [[r.VolumetricFog:1]]
[2020.10.24-12.53.51:580][  0]LogConfig: Setting CVar [[r.VolumetricFog.GridPixelSize:8]]
[2020.10.24-12.53.51:580][  0]LogConfig: Setting CVar [[r.VolumetricFog.GridSizeZ:128]]
[2020.10.24-12.53.51:580][  0]LogConfig: Setting CVar [[r.VolumetricFog.HistoryMissSupersampleCount:4]]
[2020.10.24-12.53.51:580][  0]LogConfig: Setting CVar [[r.LightMaxDrawDistanceScale:1]]
[2020.10.24-12.53.51:580][  0]LogConfig: Setting CVar [[r.CapsuleShadows:1]]
[2020.10.24-12.53.51:580][  0]LogConfig: Applying CVar settings from Section [PostProcessQuality@3] File [C:/Users/20150/Documents/Unreal Projects/model/Saved/Config/Windows/Scalability.ini]
[2020.10.24-12.53.51:580][  0]LogConfig: Setting CVar [[r.MotionBlurQuality:4]]
[2020.10.24-12.53.51:580][  0]LogConfig: Setting CVar [[r.AmbientOcclusionMipLevelFactor:0.4]]
[2020.10.24-12.53.51:580][  0]LogConfig: Setting CVar [[r.AmbientOcclusionMaxQuality:100]]
[2020.10.24-12.53.51:580][  0]LogConfig: Setting CVar [[r.AmbientOcclusionLevels:-1]]
[2020.10.24-12.53.51:580][  0]LogConfig: Setting CVar [[r.AmbientOcclusionRadiusScale:1.0]]
[2020.10.24-12.53.51:580][  0]LogConfig: Setting CVar [[r.DepthOfFieldQuality:2]]
[2020.10.24-12.53.51:580][  0]LogConfig: Setting CVar [[r.RenderTargetPoolMin:400]]
[2020.10.24-12.53.51:580][  0]LogConfig: Setting CVar [[r.LensFlareQuality:2]]
[2020.10.24-12.53.51:580][  0]LogConfig: Setting CVar [[r.SceneColorFringeQuality:1]]
[2020.10.24-12.53.51:580][  0]LogConfig: Setting CVar [[r.EyeAdaptationQuality:2]]
[2020.10.24-12.53.51:580][  0]LogConfig: Setting CVar [[r.BloomQuality:5]]
[2020.10.24-12.53.51:580][  0]LogConfig: Setting CVar [[r.FastBlurThreshold:100]]
[2020.10.24-12.53.51:580][  0]LogConfig: Setting CVar [[r.Upscale.Quality:3]]
[2020.10.24-12.53.51:580][  0]LogConfig: Setting CVar [[r.Tonemapper.GrainQuantization:1]]
[2020.10.24-12.53.51:580][  0]LogConfig: Setting CVar [[r.LightShaftQuality:1]]
[2020.10.24-12.53.51:580][  0]LogConfig: Setting CVar [[r.Filter.SizeScale:1]]
[2020.10.24-12.53.51:580][  0]LogConfig: Setting CVar [[r.Tonemapper.Quality:5]]
[2020.10.24-12.53.51:580][  0]LogConfig: Setting CVar [[r.DOF.Gather.AccumulatorQuality:1        ; higher gathering accumulator quality]]
[2020.10.24-12.53.51:580][  0]LogConfig: Setting CVar [[r.DOF.Gather.PostfilterMethod:1          ; Median3x3 postfilering method]]
[2020.10.24-12.53.51:580][  0]LogConfig: Setting CVar [[r.DOF.Gather.EnableBokehSettings:0       ; no bokeh simulation when gathering]]
[2020.10.24-12.53.51:580][  0]LogConfig: Setting CVar [[r.DOF.Gather.RingCount:4                 ; medium number of samples when gathering]]
[2020.10.24-12.53.51:580][  0]LogConfig: Setting CVar [[r.DOF.Scatter.ForegroundCompositing:1    ; additive foreground scattering]]
[2020.10.24-12.53.51:580][  0]LogConfig: Setting CVar [[r.DOF.Scatter.BackgroundCompositing:2    ; additive background scattering]]
[2020.10.24-12.53.51:580][  0]LogConfig: Setting CVar [[r.DOF.Scatter.EnableBokehSettings:1      ; bokeh simulation when scattering]]
[2020.10.24-12.53.51:580][  0]LogConfig: Setting CVar [[r.DOF.Scatter.MaxSpriteRatio:0.1         ; only a maximum of 10% of scattered bokeh]]
[2020.10.24-12.53.51:580][  0]LogConfig: Setting CVar [[r.DOF.Recombine.Quality:1                ; cheap slight out of focus]]
[2020.10.24-12.53.51:580][  0]LogConfig: Setting CVar [[r.DOF.Recombine.EnableBokehSettings:0    ; no bokeh simulation on slight out of focus]]
[2020.10.24-12.53.51:580][  0]LogConfig: Setting CVar [[r.DOF.TemporalAAQuality:1                ; more stable temporal accumulation]]
[2020.10.24-12.53.51:580][  0]LogConfig: Setting CVar [[r.DOF.Kernel.MaxForegroundRadius:0.025]]
[2020.10.24-12.53.51:580][  0]LogConfig: Setting CVar [[r.DOF.Kernel.MaxBackgroundRadius:0.025]]
[2020.10.24-12.53.51:580][  0]LogConfig: Applying CVar settings from Section [TextureQuality@3] File [C:/Users/20150/Documents/Unreal Projects/model/Saved/Config/Windows/Scalability.ini]
[2020.10.24-12.53.51:580][  0]LogConfig: Setting CVar [[r.Streaming.MipBias:0]]
[2020.10.24-12.53.51:580][  0]LogConfig: Setting CVar [[r.Streaming.AmortizeCPUToGPUCopy:0]]
[2020.10.24-12.53.51:580][  0]LogConfig: Setting CVar [[r.Streaming.MaxNumTexturesToStreamPerFrame:0]]
[2020.10.24-12.53.51:580][  0]LogConfig: Setting CVar [[r.Streaming.Boost:1]]
[2020.10.24-12.53.51:580][  0]LogConfig: Setting CVar [[r.MaxAnisotropy:8]]
[2020.10.24-12.53.51:580][  0]LogConfig: Setting CVar [[r.VT.MaxAnisotropy:8]]
[2020.10.24-12.53.51:580][  0]LogConfig: Setting CVar [[r.Streaming.LimitPoolSizeToVRAM:0]]
[2020.10.24-12.53.51:580][  0]LogConfig: Setting CVar [[r.Streaming.PoolSize:1000]]
[2020.10.24-12.53.51:580][  0]LogConfig: Setting CVar [[r.Streaming.MaxEffectiveScreenSize:0]]
[2020.10.24-12.53.51:580][  0]LogConfig: Applying CVar settings from Section [EffectsQuality@3] File [C:/Users/20150/Documents/Unreal Projects/model/Saved/Config/Windows/Scalability.ini]
[2020.10.24-12.53.51:580][  0]LogConfig: Setting CVar [[r.TranslucencyLightingVolumeDim:64]]
[2020.10.24-12.53.51:580][  0]LogConfig: Setting CVar [[r.RefractionQuality:2]]
[2020.10.24-12.53.51:580][  0]LogConfig: Setting CVar [[r.SSR.Quality:3]]
[2020.10.24-12.53.51:581][  0]LogConfig: Setting CVar [[r.SSR.HalfResSceneColor:0]]
[2020.10.24-12.53.51:581][  0]LogConfig: Setting CVar [[r.SceneColorFormat:4]]
[2020.10.24-12.53.51:581][  0]LogConfig: Setting CVar [[r.DetailMode:2]]
[2020.10.24-12.53.51:581][  0]LogConfig: Setting CVar [[r.TranslucencyVolumeBlur:1]]
[2020.10.24-12.53.51:581][  0]LogConfig: Setting CVar [[r.MaterialQualityLevel:1 ; High quality]]
[2020.10.24-12.53.51:581][  0]LogConfig: Setting CVar [[r.SSS.Scale:1]]
[2020.10.24-12.53.51:581][  0]LogConfig: Setting CVar [[r.SSS.SampleSet:2]]
[2020.10.24-12.53.51:581][  0]LogConfig: Setting CVar [[r.SSS.Quality:1]]
[2020.10.24-12.53.51:581][  0]LogConfig: Setting CVar [[r.SSS.HalfRes:0]]
[2020.10.24-12.53.51:581][  0]LogConfig: Setting CVar [[r.SSGI.Quality:3]]
[2020.10.24-12.53.51:581][  0]LogConfig: Setting CVar [[r.EmitterSpawnRateScale:1.0]]
[2020.10.24-12.53.51:581][  0]LogConfig: Setting CVar [[r.ParticleLightQuality:2]]
[2020.10.24-12.53.51:581][  0]LogConfig: Setting CVar [[r.SkyAtmosphere.AerialPerspectiveLUT.FastApplyOnOpaque:1 ; Always have FastSkyLUT 1 in this case to avoid wrong sky]]
[2020.10.24-12.53.51:581][  0]LogConfig: Setting CVar [[r.SkyAtmosphere.AerialPerspectiveLUT.SampleCountPerSlice:1]]
[2020.10.24-12.53.51:581][  0]LogConfig: Setting CVar [[r.SkyAtmosphere.AerialPerspectiveLUT.DepthResolution:16.0]]
[2020.10.24-12.53.51:581][  0]LogConfig: Setting CVar [[r.SkyAtmosphere.FastSkyLUT:1]]
[2020.10.24-12.53.51:581][  0]LogConfig: Setting CVar [[r.SkyAtmosphere.FastSkyLUT.SampleCountMin:4.0]]
[2020.10.24-12.53.51:581][  0]LogConfig: Setting CVar [[r.SkyAtmosphere.FastSkyLUT.SampleCountMax:32.0]]
[2020.10.24-12.53.51:581][  0]LogConfig: Setting CVar [[r.SkyAtmosphere.SampleCountMin:4.0]]
[2020.10.24-12.53.51:581][  0]LogConfig: Setting CVar [[r.SkyAtmosphere.SampleCountMax:32.0]]
[2020.10.24-12.53.51:581][  0]LogConfig: Setting CVar [[r.SkyAtmosphere.TransmittanceLUT.UseSmallFormat:0]]
[2020.10.24-12.53.51:581][  0]LogConfig: Setting CVar [[r.SkyAtmosphere.TransmittanceLUT.SampleCount:10.0]]
[2020.10.24-12.53.51:581][  0]LogConfig: Setting CVar [[r.SkyAtmosphere.MultiScatteringLUT.SampleCount:15.0]]
[2020.10.24-12.53.51:581][  0]LogConfig: Applying CVar settings from Section [FoliageQuality@3] File [C:/Users/20150/Documents/Unreal Projects/model/Saved/Config/Windows/Scalability.ini]
[2020.10.24-12.53.51:581][  0]LogConfig: Setting CVar [[foliage.DensityScale:1.0]]
[2020.10.24-12.53.51:581][  0]LogConfig: Setting CVar [[grass.DensityScale:1.0]]
[2020.10.24-12.53.51:581][  0]LogConfig: Applying CVar settings from Section [ShadingQuality@3] File [C:/Users/20150/Documents/Unreal Projects/model/Saved/Config/Windows/Scalability.ini]
[2020.10.24-12.53.51:581][  0]LogConfig: Setting CVar [[r.HairStrands.SkyLighting.SampleCount:16]]
[2020.10.24-12.53.51:581][  0]LogConfig: Setting CVar [[r.HairStrands.SkyLighting.JitterIntegration:0]]
[2020.10.24-12.53.51:581][  0]LogConfig: Setting CVar [[r.HairStrands.SkyAO.SampleCount:16]]
[2020.10.24-12.53.51:581][  0]LogConfig: Setting CVar [[r.HairStrands.DeepShadow.SuperSampling:0]]
[2020.10.24-12.53.51:581][  0]LogConfig: Setting CVar [[r.HairStrands.VisibilityPPLL:0]]
[2020.10.24-12.53.51:581][  0]LogConfig: Setting CVar [[r.HairStrands.RasterizationScale:0.5]]
[2020.10.24-12.53.51:581][  0]LogConfig: Setting CVar [[r.HairStrands.VelocityRasterizationScale:1]]
[2020.10.24-12.53.51:581][  0]LogConfig: Applying CVar settings from Section [Startup] File [../../../Engine/Config/ConsoleVariables.ini]
[2020.10.24-12.53.51:581][  0]LogConfig: Setting CVar [[net.UseAdaptiveNetUpdateFrequency:0]]
[2020.10.24-12.53.51:581][  0]LogConfig: Setting CVar [[p.chaos.AllowCreatePhysxBodies:1]]
[2020.10.24-12.53.51:581][  0]LogConfig: Setting CVar [[fx.SkipVectorVMBackendOptimizations:1]]
[2020.10.24-12.53.51:581][  0]LogConfig: Applying CVar settings from Section [ConsoleVariables] File [C:/Users/20150/Documents/Unreal Projects/model/Saved/Config/Windows/Engine.ini]
[2020.10.24-12.53.51:582][  0]LogInit: Computer: SAKURAJIMAMA1
[2020.10.24-12.53.51:582][  0]LogInit: User: 20150
[2020.10.24-12.53.51:582][  0]LogInit: CPU Page size=4096, Cores=4
[2020.10.24-12.53.51:582][  0]LogInit: High frequency timer resolution =10.000000 MHz
[2020.10.24-12.53.51:582][  0]LogMemory: Memory total: Physical=15.8GB (16GB approx)
[2020.10.24-12.53.51:582][  0]LogMemory: Platform Memory Stats for Windows
[2020.10.24-12.53.51:582][  0]LogMemory: Process Physical Memory: 115.57 MB used, 115.57 MB peak
[2020.10.24-12.53.51:582][  0]LogMemory: Process Virtual Memory: 108.54 MB used, 108.54 MB peak
[2020.10.24-12.53.51:582][  0]LogMemory: Physical Memory: 7682.17 MB used,  8498.32 MB free, 16180.49 MB total
[2020.10.24-12.53.51:582][  0]LogMemory: Virtual Memory: 5156.70 MB used,  134212568.00 MB free, 134217728.00 MB total
[2020.10.24-12.53.51:588][  0]LogWindows: WindowsPlatformFeatures enabled
[2020.10.24-12.53.51:676][  0]LogInit: Physics initialised using underlying interface: PhysX
[2020.10.24-12.53.51:678][  0]LogInit: Using OS detected language (zh-CN).
[2020.10.24-12.53.51:678][  0]LogInit: Using OS detected locale (zh-CN).
[2020.10.24-12.53.51:679][  0]LogTextLocalizationManager: No specific localization for 'zh-CN' exists, so the 'zh-Hans' localization will be used.
[2020.10.24-12.53.51:834][  0]LogTextLocalizationResource: LocRes '../../../Engine/Content/Localization/Editor/zh/Editor.locres' could not be opened for reading!
[2020.10.24-12.53.51:834][  0]LogTextLocalizationResource: LocRes '../../../Engine/Content/Localization/EditorTutorials/zh/EditorTutorials.locres' could not be opened for reading!
[2020.10.24-12.53.51:834][  0]LogTextLocalizationResource: LocRes '../../../Engine/Content/Localization/Keywords/zh/Keywords.locres' could not be opened for reading!
[2020.10.24-12.53.51:834][  0]LogTextLocalizationResource: LocRes '../../../Engine/Content/Localization/Category/zh/Category.locres' could not be opened for reading!
[2020.10.24-12.53.51:834][  0]LogTextLocalizationResource: LocRes '../../../Engine/Content/Localization/ToolTips/zh/ToolTips.locres' could not be opened for reading!
[2020.10.24-12.53.51:834][  0]LogTextLocalizationResource: LocRes '../../../Engine/Content/Localization/PropertyNames/zh/PropertyNames.locres' could not be opened for reading!
[2020.10.24-12.53.51:835][  0]LogTextLocalizationResource: LocRes '../../../Engine/Content/Localization/Engine/zh/Engine.locres' could not be opened for reading!
[2020.10.24-12.53.51:835][  0]LogTextLocalizationResource: LocRes '../../../Engine/Plugins/Online/Android/OnlineSubsystemGooglePlay/Content/Localization/OnlineSubsystemGooglePlay/zh/OnlineSubsystemGooglePlay.locres' could not be opened for reading!
[2020.10.24-12.53.51:835][  0]LogTextLocalizationResource: LocRes '../../../Engine/Plugins/Online/IOS/OnlineSubsystemIOS/Content/Localization/OnlineSubsystemIOS/zh/OnlineSubsystemIOS.locres' could not be opened for reading!
[2020.10.24-12.53.51:835][  0]LogTextLocalizationResource: LocRes '../../../Engine/Plugins/Online/OnlineSubsystem/Content/Localization/OnlineSubsystem/zh/OnlineSubsystem.locres' could not be opened for reading!
[2020.10.24-12.53.51:835][  0]LogTextLocalizationResource: LocRes '../../../Engine/Plugins/Online/OnlineSubsystemUtils/Content/Localization/OnlineSubsystemUtils/zh/OnlineSubsystemUtils.locres' could not be opened for reading!
[2020.10.24-12.53.51:888][  0]LogInit: Setting process to per monitor DPI aware
[2020.10.24-12.53.51:934][  0]LogSlate: New Slate User Created.  User Index 0, Is Virtual User: 0
[2020.10.24-12.53.51:934][  0]LogSlate: Slate User Registered.  User Index 0, Is Virtual User: 0
[2020.10.24-12.53.52:185][  0]LogHMD: Failed to initialize OpenVR with code 110
[2020.10.24-12.53.52:185][  0]LogD3D11RHI: D3D11 min allowed feature level: 11_0
[2020.10.24-12.53.52:185][  0]LogD3D11RHI: D3D11 max allowed feature level: 11_0
[2020.10.24-12.53.52:185][  0]LogD3D11RHI: D3D11 adapters:
[2020.10.24-12.53.52:287][  0]LogD3D11RHI:    0. 'Intel(R) UHD Graphics' (Feature Level 11_0)
[2020.10.24-12.53.52:287][  0]LogD3D11RHI:       128/0/8090 MB DedicatedVideo/DedicatedSystem/SharedSystem, Outputs:1, VendorId:0x8086
[2020.10.24-12.53.52:289][  0]LogD3D11RHI:    1. 'Microsoft Basic Render Driver' (Feature Level 11_0)
[2020.10.24-12.53.52:289][  0]LogD3D11RHI:       0/0/8090 MB DedicatedVideo/DedicatedSystem/SharedSystem, Outputs:0, VendorId:0x1414
[2020.10.24-12.53.52:289][  0]LogD3D11RHI: Chosen D3D11 Adapter: 0
[2020.10.24-12.53.52:296][  0]LogD3D11RHI: Creating new Direct3DDevice
[2020.10.24-12.53.52:296][  0]LogD3D11RHI:     GPU DeviceId: 0x9b41 (for the marketing name, search the web for "GPU Device Id")
[2020.10.24-12.53.52:296][  0]LogWindows: EnumDisplayDevices:
[2020.10.24-12.53.52:296][  0]LogWindows:    0. 'Intel(R) UHD Graphics' (P:1 D:1)
[2020.10.24-12.53.52:297][  0]LogWindows:    1. 'Intel(R) UHD Graphics' (P:0 D:0)
[2020.10.24-12.53.52:297][  0]LogWindows:    2. 'Intel(R) UHD Graphics' (P:0 D:0)
[2020.10.24-12.53.52:297][  0]LogWindows: DebugString: FoundDriverCount:3 
[2020.10.24-12.53.52:297][  0]LogD3D11RHI:     Adapter Name: Intel(R) UHD Graphics
[2020.10.24-12.53.52:297][  0]LogD3D11RHI:   Driver Version: 26.20.100.7870 (internal:26.20.100.7870, unified:26.20.100.7870)
[2020.10.24-12.53.52:297][  0]LogD3D11RHI:      Driver Date: 2-27-2020
[2020.10.24-12.53.52:297][  0]LogRHI: Texture pool is 1523 MB (70% of 2176 MB)
[2020.10.24-12.53.52:411][  0]LogD3D11RHI: RHI does not have support for 64 bit atomics
[2020.10.24-12.53.52:414][  0]LogD3D11RHI: [IntelMetricsDiscovery] Started
[2020.10.24-12.53.52:414][  0]LogD3D11RHI: Async texture creation enabled
[2020.10.24-12.53.52:414][  0]LogD3D11RHI: Array index from any shader is supported
[2020.10.24-12.53.52:427][  0]LogD3D11RHI: GPU Timing Frequency: 12.000048 (Debug: 2 0)
[2020.10.24-12.53.52:778][  0]LogTargetPlatformManager: Display: Loaded TargetPlatform 'AllDesktop'
[2020.10.24-12.53.52:799][  0]LogTargetPlatformManager: Display: Loaded TargetPlatform 'Android'
[2020.10.24-12.53.52:799][  0]LogTargetPlatformManager: Display: Loaded TargetPlatform 'Android_ASTC'
[2020.10.24-12.53.52:799][  0]LogTargetPlatformManager: Display: Loaded TargetPlatform 'Android_DXT'
[2020.10.24-12.53.52:799][  0]LogTargetPlatformManager: Display: Loaded TargetPlatform 'Android_ETC2'
[2020.10.24-12.53.52:799][  0]LogTargetPlatformManager: Display: Loaded TargetPlatform 'AndroidClient'
[2020.10.24-12.53.52:799][  0]LogTargetPlatformManager: Display: Loaded TargetPlatform 'Android_ASTCClient'
[2020.10.24-12.53.52:799][  0]LogTargetPlatformManager: Display: Loaded TargetPlatform 'Android_DXTClient'
[2020.10.24-12.53.52:799][  0]LogTargetPlatformManager: Display: Loaded TargetPlatform 'Android_ETC2Client'
[2020.10.24-12.53.52:799][  0]LogTargetPlatformManager: Display: Loaded TargetPlatform 'Android_Multi'
[2020.10.24-12.53.52:799][  0]LogTargetPlatformManager: Display: Loaded TargetPlatform 'Android_MultiClient'
[2020.10.24-12.53.52:828][  0]LogTargetPlatformManager: Display: Loaded TargetPlatform 'IOSClient'
[2020.10.24-12.53.52:828][  0]LogTargetPlatformManager: Display: Loaded TargetPlatform 'IOS'
[2020.10.24-12.53.52:843][  0]LogTargetPlatformManager: Display: Loaded TargetPlatform 'Linux'
[2020.10.24-12.53.52:852][  0]LogTargetPlatformManager: Display: Loaded TargetPlatform 'LinuxNoEditor'
[2020.10.24-12.53.52:862][  0]LogTargetPlatformManager: Display: Loaded TargetPlatform 'LinuxClient'
[2020.10.24-12.53.52:873][  0]LogTargetPlatformManager: Display: Loaded TargetPlatform 'LinuxServer'
[2020.10.24-12.53.52:883][  0]LogTargetPlatformManager: Display: Loaded TargetPlatform 'LinuxAArch64NoEditor'
[2020.10.24-12.53.52:893][  0]LogTargetPlatformManager: Display: Loaded TargetPlatform 'LinuxAArch64Client'
[2020.10.24-12.53.52:903][  0]LogTargetPlatformManager: Display: Loaded TargetPlatform 'LinuxAArch64Server'
[2020.10.24-12.53.52:930][  0]LogTargetPlatformManager: Display: Loaded TargetPlatform 'Lumin'
[2020.10.24-12.53.52:930][  0]LogTargetPlatformManager: Display: Loaded TargetPlatform 'LuminClient'
[2020.10.24-12.53.52:949][  0]LogTargetPlatformManager: Display: Loaded TargetPlatform 'TVOSClient'
[2020.10.24-12.53.52:949][  0]LogTargetPlatformManager: Display: Loaded TargetPlatform 'TVOS'
[2020.10.24-12.53.52:959][  0]LogTargetPlatformManager: Display: Loaded TargetPlatform 'WindowsNoEditor'
[2020.10.24-12.53.52:971][  0]LogTargetPlatformManager: Display: Loaded TargetPlatform 'Windows'
[2020.10.24-12.53.52:981][  0]LogTargetPlatformManager: Display: Loaded TargetPlatform 'WindowsClient'
[2020.10.24-12.53.52:991][  0]LogTargetPlatformManager: Display: Loaded TargetPlatform 'WindowsServer'
[2020.10.24-12.53.52:991][  0]LogTargetPlatformManager: Display: Building Assets For Windows
[2020.10.24-12.53.53:003][  0]LogAudioDebug: Display: Lib vorbis DLL was dynamically loaded.
[2020.10.24-12.53.53:113][  0]LogShaderCompilers: Guid format shader working directory is -1 characters bigger than the processId version (C:/Users/20150/Documents/Unreal Projects/model/Intermediate/Shaders/WorkingDirectory/20344/).
[2020.10.24-12.53.53:114][  0]LogShaderCompilers: Cleaned the shader compiler working directory 'C:/Users/20150/AppData/Local/Temp/UnrealShaderWorkingDir/58329A994DA64B78660FAD9BF3D6386D/'.
[2020.10.24-12.53.53:115][  0]LogXGEController: Cleaning working directory: C:/Users/20150/AppData/Local/Temp/UnrealXGEWorkingDir/
[2020.10.24-12.53.53:115][  0]LogXGEController: Cannot use XGE Controller as Incredibuild is not installed on this machine.
[2020.10.24-12.53.53:115][  0]LogShaderCompilers: Cannot use XGE Shader Compiler as Incredibuild is not installed on this machine.
[2020.10.24-12.53.53:115][  0]LogShaderCompilers: Display: Using Local Shader Compiler.
[2020.10.24-12.53.53:925][  0]LogDerivedDataCache: Display: Max Cache Size: 512 MB
[2020.10.24-12.53.53:992][  0]LogDerivedDataCache: Loaded boot cache 0.07s 75MB C:/Users/20150/AppData/Local/UnrealEngine/4.25/DerivedDataCache/Boot.ddc.
[2020.10.24-12.53.53:992][  0]LogDerivedDataCache: Display: Loaded Boot cache: C:/Users/20150/AppData/Local/UnrealEngine/4.25/DerivedDataCache/Boot.ddc
[2020.10.24-12.53.53:992][  0]LogDerivedDataCache: FDerivedDataBackendGraph:  Pak pak cache file C:/Users/20150/Documents/Unreal Projects/model/DerivedDataCache/DDC.ddp not found, will not use a pak cache.
[2020.10.24-12.53.53:992][  0]LogDerivedDataCache: Unable to find inner node Pak for hierarchical cache Hierarchy.
[2020.10.24-12.53.53:992][  0]LogDerivedDataCache: FDerivedDataBackendGraph:  CompressedPak pak cache file C:/Users/20150/Documents/Unreal Projects/model/DerivedDataCache/Compressed.ddp not found, will not use a pak cache.
[2020.10.24-12.53.53:992][  0]LogDerivedDataCache: Unable to find inner node CompressedPak for hierarchical cache Hierarchy.
[2020.10.24-12.53.54:003][  0]LogDerivedDataCache: Display: Pak cache opened for reading ../../../Engine/DerivedDataCache/Compressed.ddp.
[2020.10.24-12.53.54:003][  0]LogDerivedDataCache: FDerivedDataBackendGraph:  EnterprisePak pak cache file ../../../Enterprise/DerivedDataCache/Compressed.ddp not found, will not use a pak cache.
[2020.10.24-12.53.54:003][  0]LogDerivedDataCache: Unable to find inner node EnterprisePak for hierarchical cache Hierarchy.
[2020.10.24-12.53.54:004][  0]LogDerivedDataCache: Using Local data cache path C:/Users/20150/AppData/Local/UnrealEngine/Common/DerivedDataCache: Writable
[2020.10.24-12.53.54:004][  0]LogDerivedDataCache: Shared data cache path not found in *engine.ini, will not use an Shared cache.
[2020.10.24-12.53.54:004][  0]LogDerivedDataCache: Unable to find inner node Shared for hierarchical cache Hierarchy.
[2020.10.24-12.53.54:056][  0]LogSlate: Using FreeType 2.10.0
[2020.10.24-12.53.54:059][  0]LogSlate: SlateFontServices - WITH_FREETYPE: 1, WITH_HARFBUZZ: 1
[2020.10.24-12.53.54:093][  0]LogAssetRegistry: FAssetRegistry took 0.0035 seconds to start up
[2020.10.24-12.53.54:375][  0]LogInit: Selected Device Profile: [Windows]
[2020.10.24-12.53.54:571][  0]LogMeshReduction: Using QuadricMeshReduction for automatic static mesh reduction
[2020.10.24-12.53.54:571][  0]LogMeshReduction: Using SimplygonMeshReduction for automatic skeletal mesh reduction
[2020.10.24-12.53.54:571][  0]LogMeshReduction: Using ProxyLODMeshReduction for automatic mesh merging
[2020.10.24-12.53.54:571][  0]LogMeshReduction: No distributed automatic mesh merging module available
[2020.10.24-12.53.54:571][  0]LogMeshMerging: No distributed automatic mesh merging module available
[2020.10.24-12.53.54:609][  0]LogNetVersion: model 1.0.0, NetCL: 13144385, EngineNetVer: 14, GameNetVer: 0 (Checksum: 543778235)
[2020.10.24-12.53.55:192][  0]LogAISub: UAISubsystem::UAISubsystem AISubsystem (000001C87B598480), frame # 0
[2020.10.24-12.53.55:192][  0]LogAISub: UAISubsystem::UAISubsystem AIPerceptionSystem (000001C87B4E9080), frame # 0
[2020.10.24-12.53.55:195][  0]LogAISub: UAISubsystem::UAISubsystem EnvQueryManager (000001C87B52DE00), frame # 0
[2020.10.24-12.53.55:305][  0]LogPackageLocalizationCache: Processed 19 localized package path(s) for 2 prioritized culture(s) in 0.085891 seconds
[2020.10.24-12.53.55:309][  0]LogUObjectArray: 15917 objects as part of root set at end of initial load.
[2020.10.24-12.53.55:309][  0]LogUObjectAllocator: 3965568 out of 0 bytes used by permanent object pool.
[2020.10.24-12.53.55:309][  0]LogUObjectArray: CloseDisregardForGC: 0/0 objects in disregard for GC pool
[2020.10.24-12.53.56:038][  0]LogTcpMessaging: Initializing TcpMessaging bridge
[2020.10.24-12.53.56:044][  0]LogUdpMessaging: Initializing bridge on interface 0.0.0.0:0 to multicast group 230.0.0.1:6666.
[2020.10.24-12.53.56:163][  0]SourceControl: 源码管理已禁用
[2020.10.24-12.53.56:163][  0]SourceControl: 源码管理已禁用
[2020.10.24-12.53.56:176][  0]SourceControl: 源码管理已禁用
[2020.10.24-12.53.56:184][  0]SourceControl: 源码管理已禁用
[2020.10.24-12.53.56:199][  0]SourceControl: 源码管理已禁用
[2020.10.24-12.53.56:219][  0]LogVSAccessor: Display: Unable to create Visual Studio setup instance: 80040154
[2020.10.24-12.53.56:219][  0]LogVSAccessor: Display: Unable to create Visual Studio setup instance: 80040154
[2020.10.24-12.53.56:661][  0]LogAndroidPermission: UAndroidPermissionCallbackProxy::GetInstance
[2020.10.24-12.53.56:692][  0]LogAudioCaptureCore: Display: No Audio Capture implementations found. Audio input will be silent.
[2020.10.24-12.53.56:692][  0]LogAudioCaptureCore: Display: No Audio Capture implementations found. Audio input will be silent.
[2020.10.24-12.53.56:766][  0]LogOcInput: OculusInput pre-init called
[2020.10.24-12.53.56:785][  0]LogWindows: Failed to load 'OVRPlugin.dll' (GetLastError=126)
[2020.10.24-12.53.56:785][  0]LogWindows: File 'OVRPlugin.dll' does not exist
[2020.10.24-12.53.56:910][  0]LogEngine: Initializing Engine...
[2020.10.24-12.53.56:912][  0]LogHMD: Failed to initialize OpenVR with code 110
[2020.10.24-12.53.56:912][  0]LogMagicLeap: Warning: VR disabled because ZI is not enabled.  To enable, in the editor, Edit -> Project Settings -> Plugins -> Magic Leap Plugin -> Enable Zero Iteration
[2020.10.24-12.53.56:914][  0]LogStats: UGameplayTagsManager::InitializeManager -  0.001 s
[2020.10.24-12.53.57:034][  0]LogInit: Initializing FReadOnlyCVARCache
[2020.10.24-12.53.57:055][  0]LogAIModule: Creating AISystem for world Untitled
[2020.10.24-12.53.57:055][  0]LogAISub: UAISubsystem::UAISubsystem EnvQueryManager (000001C802508600), frame # 0
[2020.10.24-12.53.57:055][  0]LogAISub: UAISubsystem::UAISubsystem AIPerceptionSystem (000001C8024D3380), frame # 0
[2020.10.24-12.53.57:147][  0]LogAudioMixer: Display: Audio Mixer Platform Settings:
[2020.10.24-12.53.57:147][  0]LogAudioMixer: Display: 	Sample Rate:						  48000
[2020.10.24-12.53.57:147][  0]LogAudioMixer: Display: 	Callback Buffer Frame Size Requested: 1024
[2020.10.24-12.53.57:147][  0]LogAudioMixer: Display: 	Callback Buffer Frame Size To Use:	  1024
[2020.10.24-12.53.57:147][  0]LogAudioMixer: Display: 	Number of buffers to queue:			  2
[2020.10.24-12.53.57:147][  0]LogAudioMixer: Display: 	Max Channels (voices):				  32
[2020.10.24-12.53.57:147][  0]LogAudioMixer: Display: 	Number of Async Source Workers:		  0
[2020.10.24-12.53.57:147][  0]LogAudio: Display: AudioDevice MaxSources: 32
[2020.10.24-12.53.57:148][  0]LogAudio: Display: Using built-in audio occlusion.
[2020.10.24-12.53.57:148][  0]LogAudioMixer: Display: Initializing audio mixer.
[2020.10.24-12.53.57:171][  0]LogAudioMixer: Display: 0: FrontLeft
[2020.10.24-12.53.57:171][  0]LogAudioMixer: Display: 1: FrontRight
[2020.10.24-12.53.57:205][  0]LogAudioMixer: Display: Using Audio Device 耳机 (OPPO Enco W51 Stereo)
[2020.10.24-12.53.57:208][  0]LogAudioMixer: Display: Initializing Sound Submixes...
[2020.10.24-12.53.57:211][  0]LogAudioMixer: Display: Creating Master Submix 'MasterSubmixDefault'
[2020.10.24-12.53.57:211][  0]LogAudioMixer: Display: Creating Master Submix 'MasterReverbSubmixDefault'
[2020.10.24-12.53.57:212][  0]LogAudioMixer: Display: Creating Master Submix 'MasterEQSubmixDefault'
[2020.10.24-12.53.57:213][  0]LogInit: FAudioDevice initialized.
[2020.10.24-12.53.57:214][  0]LogNetVersion: Set ProjectVersion to 1.0.0.0. Version Checksum will be recalculated on next use.
[2020.10.24-12.53.57:269][  0]LogDerivedDataCache: Saved boot cache 0.06s 75MB C:/Users/20150/AppData/Local/UnrealEngine/4.25/DerivedDataCache/Boot.ddc.
[2020.10.24-12.53.57:270][  0]LogInit: Texture streaming: Enabled
[2020.10.24-12.53.57:296][  0]LogEngineSessionManager: EngineSessionManager initialized
[2020.10.24-12.53.57:296][  0]LogEditorSessionSummary: Verbose: Initializing EditorSessionSummaryWriter for editor session tracking
[2020.10.24-12.53.57:300][  0]LogEditorSessionSummary: EditorSessionSummaryWriter initialized
[2020.10.24-12.53.57:349][  0]LogInit: Transaction tracking system initialized
[2020.10.24-12.53.57:406][  0]BlueprintLog: New page: 编辑器加载
[2020.10.24-12.53.57:547][  0]LocalizationService: 本地化服务已禁用
[2020.10.24-12.53.57:707][  0]LogVSAccessor: Display: Unable to create Visual Studio setup instance: 80040154
[2020.10.24-12.53.57:708][  0]LogVSAccessor: Display: Unable to create Visual Studio setup instance: 80040154
[2020.10.24-12.53.57:790][  0]LogCook: Display: Max memory allowance for cook 16384mb min free memory 0mb
[2020.10.24-12.53.57:790][  0]LogCook: Display: Mobile HDR setting 1
[2020.10.24-12.53.57:983][  0]LogFileCache: Scanning file cache for directory 'C:/Users/20150/Documents/Unreal Projects/model/Content/' took 0.01s
[2020.10.24-12.53.58:248][  0]SourceControl: 源码管理已禁用
[2020.10.24-12.53.58:248][  0]LogUnrealEdMisc: Loading editor; pre map load, took 9.456
[2020.10.24-12.53.58:249][  0]Cmd: MAP LOAD FILE="C:/Users/20150/Documents/Unreal Projects/model/Content/StarterContent/Maps/Minimal_Default.umap" TEMPLATE=0 SHOWPROGRESS=1 FEATURELEVEL=3
[2020.10.24-12.53.58:250][  0]LightingResults: New page: 光照构建
[2020.10.24-12.53.58:254][  0]LogWorld: UWorld::CleanupWorld for Untitled, bSessionEnded=true, bCleanupResources=true
[2020.10.24-12.53.58:255][  0]LogSlate: InvalidateAllWidgets triggered.  All widgets were invalidated
[2020.10.24-12.53.58:255][  0]MapCheck: New page: 地图检测
[2020.10.24-12.53.58:255][  0]LightingResults: New page: 光照构建
[2020.10.24-12.53.58:269][  0]LogAISub: UAISubsystem::~UAISubsystem EnvQueryManager (000001C802508600), frame # 0
[2020.10.24-12.53.58:269][  0]LogAISub: UAISubsystem::~UAISubsystem AIPerceptionSystem (000001C8024D3380), frame # 0
[2020.10.24-12.53.58:270][  0]LogUObjectHash: Compacting FUObjectHashTables data took   0.61ms
[2020.10.24-12.53.58:530][  0]LogAIModule: Creating AISystem for world Minimal_Default
[2020.10.24-12.53.58:530][  0]LogAISub: UAISubsystem::UAISubsystem EnvQueryManager (000001C809BDC600), frame # 0
[2020.10.24-12.53.58:530][  0]LogAISub: UAISubsystem::UAISubsystem AIPerceptionSystem (000001C809D9E5C0), frame # 0
[2020.10.24-12.53.58:546][  0]LogEditorServer: Finished looking for orphan Actors (0.000 secs)
[2020.10.24-12.53.58:560][  0]LogUObjectHash: Compacting FUObjectHashTables data took   0.92ms
[2020.10.24-12.53.58:560][  0]Cmd: MAP CHECKDEP NOCLEARLOG
[2020.10.24-12.53.58:560][  0]MapCheck: 地图检测完成：0个错误、0个警告、完成用时0.333毫秒。
[2020.10.24-12.53.58:561][  0]LogFileHelpers: Loading map 'Minimal_Default' took 0.312
[2020.10.24-12.53.58:573][  0]LogUnrealEdMisc: Total Editor Startup Time, took 9.781
[2020.10.24-12.53.58:721][  0]LogSlate: Updating window title bar state: overlay mode, drag disabled, window buttons hidden, title bar hidden
[2020.10.24-12.53.58:729][  0]LogSlate: Updating window title bar state: overlay mode, drag disabled, window buttons hidden, title bar hidden
[2020.10.24-12.53.58:737][  0]LogSlate: Updating window title bar state: overlay mode, drag disabled, window buttons hidden, title bar hidden
[2020.10.24-12.53.58:743][  0]LogSlate: Updating window title bar state: overlay mode, drag disabled, window buttons hidden, title bar hidden
[2020.10.24-12.53.58:761][  0]LogCollectionManager: Loaded 0 collections in 0.001630 seconds
[2020.10.24-12.53.58:793][  0]LogFileCache: Scanning file cache for directory 'C:/Users/20150/Documents/Unreal Projects/model/Saved/Collections/' took 0.00s
[2020.10.24-12.53.58:793][  0]LogFileCache: Scanning file cache for directory 'C:/Users/20150/Documents/Unreal Projects/model/Content/Developers/20150/Collections/' took 0.00s
[2020.10.24-12.53.58:793][  0]LogFileCache: Scanning file cache for directory 'C:/Users/20150/Documents/Unreal Projects/model/Content/Collections/' took 0.00s
[2020.10.24-12.53.58:793][  0]LogContentBrowser: Native class hierarchy populated in 0.0082 seconds. Added 3427 classes and 821 folders.
[2020.10.24-12.53.58:804][  0]LogContentBrowser: Native class hierarchy updated for 'WidgetCarousel' in 0.0003 seconds. Added 0 classes and 0 folders.
[2020.10.24-12.53.58:905][  0]LogContentBrowser: Native class hierarchy updated for 'AddContentDialog' in 0.0003 seconds. Added 0 classes and 0 folders.
[2020.10.24-12.53.58:908][  0]LogContentBrowser: Native class hierarchy updated for 'SceneOutliner' in 0.0002 seconds. Added 2 classes and 0 folders.
[2020.10.24-12.53.58:957][  0]LogContentBrowser: Native class hierarchy updated for 'HierarchicalLODOutliner' in 0.0003 seconds. Added 0 classes and 0 folders.
[2020.10.24-12.53.58:957][  0]LogLoad: (Engine Initialization) Total time: 10.16 seconds
[2020.10.24-12.53.58:957][  0]LogLoad: (Engine Initialization) Total Blueprint compile time: 0.00 seconds
[2020.10.24-12.53.59:004][  0]LogAssetRegistry: Asset discovery search completed in 4.9126 seconds
[2020.10.24-12.53.59:007][  0]LogCollectionManager: Fixed up redirectors for 0 collections in 0.000002 seconds (updated 0 objects)
[2020.10.24-12.53.59:010][  0]LogContentStreaming: Texture pool size now 1000 MB
[2020.10.24-12.53.59:017][  0]LogSlate: Took 0.000560 seconds to synchronously load lazily loaded font '../../../Engine/Content/Slate/Fonts/Roboto-Regular.ttf' (155K)
[2020.10.24-12.53.59:022][  0]LogSlate: Took 0.003572 seconds to synchronously load lazily loaded font '../../../Engine/Content/Slate/Fonts/DroidSansFallback.ttf' (3848K)
[2020.10.24-12.53.59:023][  0]LogSlate: Took 0.000550 seconds to synchronously load lazily loaded font '../../../Engine/Content/Slate/Fonts/Roboto-Bold.ttf' (160K)
[2020.10.24-12.53.59:025][  0]LogSlate: Took 0.000405 seconds to synchronously load lazily loaded font '../../../Engine/Content/Editor/Slate/Fonts/FontAwesome.ttf' (139K)
[2020.10.24-12.53.59:266][  0]LogSlate: Took 0.000448 seconds to synchronously load lazily loaded font '../../../Engine/Content/Slate/Fonts/Roboto-Light.ttf' (167K)
[2020.10.24-12.53.59:291][  1]LogRenderer: Reallocating scene render targets to support 836x296 Format 10 NumSamples 1 (Frame:1).
[2020.10.24-12.54.00:269][  6]LogSlate: Took 0.000150 seconds to synchronously load lazily loaded font '../../../Engine/Content/Slate/Fonts/Roboto-Light.ttf' (167K)
[2020.10.24-12.54.01:283][ 46]LogScript: Warning: “无访问”正在尝试读取属性 CallFunc_TryGetPawnOwner_ReturnValue
	playerAnim_C /Engine/Transient.World_5:PersistentLevel.SkeletalMeshActor_0.SkeletalMeshComponent0.playerAnim_C_0
	Function /Game/playerAnim.playerAnim_C:ExecuteUbergraph_playerAnim:0150
[2020.10.24-12.54.01:283][ 46]LogScript: Warning: “无访问”正在尝试读取属性 Player
	playerAnim_C /Engine/Transient.World_5:PersistentLevel.SkeletalMeshActor_0.SkeletalMeshComponent0.playerAnim_C_0
	Function /Game/playerAnim.playerAnim_C:ExecuteUbergraph_playerAnim:01DA
[2020.10.24-12.54.01:283][ 46]LogScript: Warning: “无访问”正在尝试读取属性 CallFunc_TryGetPawnOwner_ReturnValue
	playerAnim_C /Engine/Transient.World_5:PersistentLevel.SkeletalMeshActor_0.SkeletalMeshComponent0.playerAnim_C_0
	Function /Game/playerAnim.playerAnim_C:ExecuteUbergraph_playerAnim:0279
[2020.10.24-12.54.04:632][182]LogTemp: Repeating last play command: 模拟
[2020.10.24-12.54.04:651][182]LogPlayLevel: PlayLevel: No blueprints needed recompiling
[2020.10.24-12.54.04:652][182]PIE: New page: SIE会话：Minimal_Default（2020年10月25日 上午4:54:04）
[2020.10.24-12.54.04:653][182]LogOnline: OSS: Creating online subsystem instance for: NULL
[2020.10.24-12.54.04:654][182]LogOnline: OSS: TryLoadSubsystemAndSetDefault: Loaded subsystem for module [NULL]
[2020.10.24-12.54.04:654][182]LogPlayLevel: Creating play world package: /Game/StarterContent/Maps/UEDPIE_0_Minimal_Default
[2020.10.24-12.54.04:658][182]LogPlayLevel: PIE: StaticDuplicateObject took: (0.003597s)
[2020.10.24-12.54.04:659][182]LogAIModule: Creating AISystem for world Minimal_Default
[2020.10.24-12.54.04:659][182]LogAISub: UAISubsystem::UAISubsystem EnvQueryManager (000001C813BC2200), frame # 182
[2020.10.24-12.54.04:659][182]LogAISub: UAISubsystem::UAISubsystem AIPerceptionSystem (000001C813D7F4C0), frame # 182
[2020.10.24-12.54.04:659][182]LogPlayLevel: PIE: World Init took: (0.001039s)
[2020.10.24-12.54.04:659][182]LogPlayLevel: PIE: Created PIE world by copying editor world from /Game/StarterContent/Maps/Minimal_Default.Minimal_Default to /Game/StarterContent/Maps/UEDPIE_0_Minimal_Default.Minimal_Default (0.004757s)
[2020.10.24-12.54.04:668][182]LogUObjectHash: Compacting FUObjectHashTables data took   0.47ms
[2020.10.24-12.54.04:669][182]LogAudioMixer: Display: Audio Mixer Platform Settings:
[2020.10.24-12.54.04:669][182]LogAudioMixer: Display: 	Sample Rate:						  48000
[2020.10.24-12.54.04:669][182]LogAudioMixer: Display: 	Callback Buffer Frame Size Requested: 1024
[2020.10.24-12.54.04:669][182]LogAudioMixer: Display: 	Callback Buffer Frame Size To Use:	  1024
[2020.10.24-12.54.04:669][182]LogAudioMixer: Display: 	Number of buffers to queue:			  2
[2020.10.24-12.54.04:669][182]LogAudioMixer: Display: 	Max Channels (voices):				  32
[2020.10.24-12.54.04:669][182]LogAudioMixer: Display: 	Number of Async Source Workers:		  0
[2020.10.24-12.54.04:669][182]LogAudio: Display: AudioDevice MaxSources: 32
[2020.10.24-12.54.04:669][182]LogAudio: Display: Using built-in audio occlusion.
[2020.10.24-12.54.04:669][182]LogAudioMixer: Display: Initializing audio mixer.
[2020.10.24-12.54.04:673][182]LogAudioMixer: Display: 0: FrontLeft
[2020.10.24-12.54.04:673][182]LogAudioMixer: Display: 1: FrontRight
[2020.10.24-12.54.04:691][182]LogAudioMixer: Display: Using Audio Device 耳机 (OPPO Enco W51 Stereo)
[2020.10.24-12.54.04:691][182]LogAudioMixer: Display: Initializing Sound Submixes...
[2020.10.24-12.54.04:691][182]LogAudioMixer: Display: Creating Master Submix 'MasterSubmixDefault'
[2020.10.24-12.54.04:691][182]LogAudioMixer: Display: Creating Master Submix 'MasterReverbSubmixDefault'
[2020.10.24-12.54.04:691][182]LogAudioMixer: Display: Creating Master Submix 'MasterEQSubmixDefault'
[2020.10.24-12.54.04:705][182]LogInit: FAudioDevice initialized.
[2020.10.24-12.54.04:716][182]LogLoad: Game class is 'GameModeBase'
[2020.10.24-12.54.04:719][182]LogWorld: Bringing World /Game/StarterContent/Maps/UEDPIE_0_Minimal_Default.Minimal_Default up for play (max tick rate 60) at 2020.10.24-20.54.04
[2020.10.24-12.54.04:719][182]LogWorld: Bringing up level for play took: 0.001144
[2020.10.24-12.54.04:719][182]LogOnline: OSS: Creating online subsystem instance for: :Context_8
[2020.10.24-12.54.04:724][182]LogContentBrowser: Native class hierarchy updated for 'MovieSceneCapture' in 0.0004 seconds. Added 20 classes and 0 folders.
[2020.10.24-12.54.04:725][182]PIE: 登陆的服务器
[2020.10.24-12.54.04:726][182]PIE: PIE总开始时间：0.084秒。
[2020.10.24-12.54.17:648][914]LogSlate: Updating window title bar state: overlay mode, drag disabled, window buttons hidden, title bar hidden
[2020.10.24-12.54.17:648][914]LogWorld: BeginTearingDown for /Game/StarterContent/Maps/UEDPIE_0_Minimal_Default
[2020.10.24-12.54.17:650][914]LogWorld: UWorld::CleanupWorld for Minimal_Default, bSessionEnded=true, bCleanupResources=true
[2020.10.24-12.54.17:651][914]LogSlate: InvalidateAllWidgets triggered.  All widgets were invalidated
[2020.10.24-12.54.17:659][914]LogPlayLevel: Display: Shutting down PIE online subsystems
[2020.10.24-12.54.17:660][914]LogSlate: InvalidateAllWidgets triggered.  All widgets were invalidated
[2020.10.24-12.54.17:685][914]LogSlate: Updating window title bar state: overlay mode, drag disabled, window buttons hidden, title bar hidden
[2020.10.24-12.54.17:686][914]LogAISub: UAISubsystem::~UAISubsystem EnvQueryManager (000001C813BC2200), frame # 914
[2020.10.24-12.54.17:686][914]LogAISub: UAISubsystem::~UAISubsystem AIPerceptionSystem (000001C813D7F4C0), frame # 914
[2020.10.24-12.54.17:687][914]LogUObjectHash: Compacting FUObjectHashTables data took   0.55ms
[2020.10.24-12.54.17:736][916]LogPlayLevel: Display: Destroying online subsystem :Context_8
[2020.10.24-12.54.21:511][ 80]LogAssetEditorSubsystem: Opening Asset editor for World /Game/beginPlay.beginPlay
[2020.10.24-12.54.21:520][ 80]LogUObjectHash: Compacting FUObjectHashTables data took   0.60ms
[2020.10.24-12.54.21:521][ 80]Cmd: MAP LOAD FILE="C:/Users/20150/Documents/Unreal Projects/model/Content/beginPlay.umap" TEMPLATE=0 SHOWPROGRESS=1 FEATURELEVEL=3
[2020.10.24-12.54.21:521][ 80]LightingResults: New page: 光照构建
[2020.10.24-12.54.21:521][ 80]LoadErrors: New page: 正在加载地图：beginPlay.umap
[2020.10.24-12.54.21:522][ 80]LogWorld: UWorld::CleanupWorld for Minimal_Default, bSessionEnded=true, bCleanupResources=true
[2020.10.24-12.54.21:522][ 80]LogSlate: InvalidateAllWidgets triggered.  All widgets were invalidated
[2020.10.24-12.54.21:522][ 80]MapCheck: New page: 地图检测
[2020.10.24-12.54.21:522][ 80]LightingResults: New page: 光照构建
[2020.10.24-12.54.21:531][ 80]LogAISub: UAISubsystem::~UAISubsystem EnvQueryManager (000001C809BDC600), frame # 1080
[2020.10.24-12.54.21:531][ 80]LogAISub: UAISubsystem::~UAISubsystem AIPerceptionSystem (000001C809D9E5C0), frame # 1080
[2020.10.24-12.54.21:533][ 80]LogUObjectHash: Compacting FUObjectHashTables data took   1.21ms
[2020.10.24-12.54.21:537][ 80]LogEditorServer: Finished looking for orphan Actors (0.000 secs)
[2020.10.24-12.54.21:537][ 80]LogAIModule: Creating AISystem for world beginPlay
[2020.10.24-12.54.21:538][ 80]LogAISub: UAISubsystem::UAISubsystem EnvQueryManager (000001C811582C00), frame # 1080
[2020.10.24-12.54.21:538][ 80]LogAISub: UAISubsystem::UAISubsystem AIPerceptionSystem (000001C809E95080), frame # 1080
[2020.10.24-12.54.21:548][ 80]LogUObjectHash: Compacting FUObjectHashTables data took   0.78ms
[2020.10.24-12.54.21:563][ 80]Cmd: MAP CHECKDEP NOCLEARLOG
[2020.10.24-12.54.21:563][ 80]MapCheck: 地图检测完成：0个错误、0个警告、完成用时0.113毫秒。
[2020.10.24-12.54.21:563][ 80]LogFileHelpers: Loading map 'beginPlay' took 0.042
[2020.10.24-12.56.49:041][859]LogAssetEditorSubsystem: Opening Asset editor for Blueprint /Game/player.Player
[2020.10.24-12.56.49:281][859]LogContentBrowser: Native class hierarchy updated for 'BlueprintGraph' in 0.0005 seconds. Added 125 classes and 0 folders.
[2020.10.24-12.56.50:204][859]LogSlate: Took 0.000578 seconds to synchronously load lazily loaded font '../../../Engine/Content/Slate/Fonts/Roboto-BoldCondensed.ttf' (158K)
[2020.10.24-12.56.50:297][860]LogSlate: Took 0.000575 seconds to synchronously load lazily loaded font '../../../Engine/Content/Slate/Fonts/Roboto-Italic.ttf' (157K)
[2020.10.24-13.04.21:687][477]LogUObjectHash: Compacting FUObjectHashTables data took   2.06ms
[2020.10.24-13.04.21:688][477]LogFileHelpers: Editor autosave (incl. sublevels) for '/Game/beginPlay' took 0.023
[2020.10.24-13.04.21:689][477]OBJ SavePackage: Generating thumbnails for [1] asset(s) in package [/Game/player] ([1] browsable assets)...
[2020.10.24-13.04.21:737][477]OBJ SavePackage:     Rendered thumbnail for [Blueprint /Game/player.Player]
[2020.10.24-13.04.21:737][477]OBJ SavePackage: Finished generating thumbnails for package [/Game/player]
[2020.10.24-13.04.21:737][477]Cmd: OBJ SAVEPACKAGE PACKAGE="/Game/player" FILE="C:/Users/20150/Documents/Unreal Projects/model/Saved/Autosaves/Game/player_Auto1.uasset" SILENT=false AUTOSAVING=true
[2020.10.24-13.04.21:774][477]LogSavePackage: Moving 'C:/Users/20150/Documents/Unreal Projects/model/Saved/player_Auto1583E0114431E651A3EEE0CB3BA83A44C.tmp' to 'C:/Users/20150/Documents/Unreal Projects/model/Saved/Autosaves/Game/player_Auto1.uasset'
[2020.10.24-13.04.21:775][477]LogFileHelpers: Auto-saving content packages took 0.087
[2020.10.24-13.14.09:197][745]LogSlate: Window '新建通道' being destroyed
[2020.10.24-13.14.45:693][946]LogSlate: Window '项目设置' being destroyed
[2020.10.24-13.14.45:726][946]LogSlate: Window '项目设置' being destroyed
[2020.10.24-13.14.47:094][  5]BlueprintLog: New page: 编译Player
[2020.10.24-13.14.47:185][  5]LogUObjectHash: Compacting FUObjectHashTables data took   3.16ms
[2020.10.24-13.14.47:255][  5]LogSlate: Took 0.000605 seconds to synchronously load lazily loaded font '../../../Engine/Content/Slate/Fonts/DroidSansMono.ttf' (77K)
[2020.10.24-13.14.48:608][ 61]Cmd: OBJ SAVEPACKAGE PACKAGE="/Game/player" FILE="C:/Users/20150/Documents/Unreal Projects/model/Content/player.uasset" SILENT=true
[2020.10.24-13.14.48:650][ 61]LogSavePackage: Moving 'C:/Users/20150/Documents/Unreal Projects/model/Saved/player3967623F4AD8A009F70DDD9D1BEA6014.tmp' to 'C:/Users/20150/Documents/Unreal Projects/model/Content/player.uasset'
[2020.10.24-13.14.48:671][ 61]AssetCheck: New page: 资产保存：Player
[2020.10.24-13.14.48:671][ 61]LogContentValidation: Display: 正在验证Blueprint /Game/player.Player
[2020.10.24-13.15.24:601][481]LogUObjectHash: Compacting FUObjectHashTables data took   2.62ms
[2020.10.24-13.15.24:603][481]Cmd: OBJ SAVEPACKAGE PACKAGE="/Game/beginPlay" FILE="C:/Users/20150/Documents/Unreal Projects/model/Saved/Autosaves/Game/beginPlay_Auto2.umap" SILENT=true AUTOSAVING=true KEEPDIRTY=false
[2020.10.24-13.15.24:643][481]LogSavePackage: Moving 'C:/Users/20150/Documents/Unreal Projects/model/Saved/beginPlay_Auto24C65AFEF491A3B57DFE8A4AA384AC9E1.tmp' to 'C:/Users/20150/Documents/Unreal Projects/model/Saved/Autosaves/Game/beginPlay_Auto2.umap'
[2020.10.24-13.15.24:645][481]LogFileHelpers: Editor autosave (incl. sublevels) for '/Game/beginPlay' took 0.070
[2020.10.24-13.15.24:645][481]LogFileHelpers: Editor autosave (incl. sublevels) for all levels took 0.070
[2020.10.24-13.15.24:645][481]OBJ SavePackage: Generating thumbnails for [1] asset(s) in package [/Game/player] ([1] browsable assets)...
[2020.10.24-13.15.24:685][481]OBJ SavePackage:     Rendered thumbnail for [Blueprint /Game/player.Player]
[2020.10.24-13.15.24:685][481]OBJ SavePackage: Finished generating thumbnails for package [/Game/player]
[2020.10.24-13.15.24:685][481]Cmd: OBJ SAVEPACKAGE PACKAGE="/Game/player" FILE="C:/Users/20150/Documents/Unreal Projects/model/Saved/Autosaves/Game/player_Auto2.uasset" SILENT=false AUTOSAVING=true
[2020.10.24-13.15.24:721][481]LogSavePackage: Moving 'C:/Users/20150/Documents/Unreal Projects/model/Saved/player_Auto2C80ADE834A5F1BEBCB5D91BEC5CE9062.tmp' to 'C:/Users/20150/Documents/Unreal Projects/model/Saved/Autosaves/Game/player_Auto2.uasset'
[2020.10.24-13.15.24:722][481]LogFileHelpers: Auto-saving content packages took 0.076
[2020.10.24-13.25.25:175][174]LogUObjectHash: Compacting FUObjectHashTables data took   2.41ms
[2020.10.24-13.25.25:177][174]LogFileHelpers: Editor autosave (incl. sublevels) for '/Game/beginPlay' took 0.027
[2020.10.24-13.25.25:178][174]OBJ SavePackage: Generating thumbnails for [1] asset(s) in package [/Game/player] ([1] browsable assets)...
[2020.10.24-13.25.25:230][174]OBJ SavePackage:     Rendered thumbnail for [Blueprint /Game/player.Player]
[2020.10.24-13.25.25:230][174]OBJ SavePackage: Finished generating thumbnails for package [/Game/player]
[2020.10.24-13.25.25:230][174]Cmd: OBJ SAVEPACKAGE PACKAGE="/Game/player" FILE="C:/Users/20150/Documents/Unreal Projects/model/Saved/Autosaves/Game/player_Auto3.uasset" SILENT=false AUTOSAVING=true
[2020.10.24-13.25.25:279][174]LogSavePackage: Moving 'C:/Users/20150/Documents/Unreal Projects/model/Saved/player_Auto39187B2F149F14FBED4B2B1AA20379451.tmp' to 'C:/Users/20150/Documents/Unreal Projects/model/Saved/Autosaves/Game/player_Auto3.uasset'
[2020.10.24-13.25.25:281][174]LogFileHelpers: Auto-saving content packages took 0.103
[2020.10.24-13.26.01:884][306]BlueprintLog: New page: 编译Player
[2020.10.24-13.26.01:992][306]LogUObjectHash: Compacting FUObjectHashTables data took   4.71ms
[2020.10.24-13.26.03:406][346]Cmd: OBJ SAVEPACKAGE PACKAGE="/Game/player" FILE="C:/Users/20150/Documents/Unreal Projects/model/Content/player.uasset" SILENT=true
[2020.10.24-13.26.03:475][346]LogSavePackage: Moving 'C:/Users/20150/Documents/Unreal Projects/model/Saved/player61B59845451ABDB422A11CACBB9A8225.tmp' to 'C:/Users/20150/Documents/Unreal Projects/model/Content/player.uasset'
[2020.10.24-13.26.03:500][346]AssetCheck: New page: 资产保存：Player
[2020.10.24-13.26.03:500][346]LogContentValidation: Display: 正在验证Blueprint /Game/player.Player
[2020.10.24-13.26.04:660][388]LogSlate: Window 'Player' being destroyed
[2020.10.24-13.26.04:703][388]LogSlate: Window 'Player' being destroyed
[2020.10.24-13.26.04:704][388]LogWorld: UWorld::CleanupWorld for World_7, bSessionEnded=true, bCleanupResources=true
[2020.10.24-13.26.04:704][388]LogSlate: InvalidateAllWidgets triggered.  All widgets were invalidated
[2020.10.24-13.26.37:767][561]LogAssetEditorSubsystem: Opening Asset editor for Blueprint /Game/player.Player
[2020.10.24-13.26.45:376][748]BlueprintLog: New page: 编译Player
[2020.10.24-13.26.45:550][748]LogUObjectHash: Compacting FUObjectHashTables data took   5.52ms
[2020.10.24-13.26.46:173][761]Cmd: OBJ SAVEPACKAGE PACKAGE="/Game/player" FILE="C:/Users/20150/Documents/Unreal Projects/model/Content/player.uasset" SILENT=true
[2020.10.24-13.26.46:248][761]LogSavePackage: Moving 'C:/Users/20150/Documents/Unreal Projects/model/Saved/player52DFD2E3440173DCF75F2C85BDB5D79A.tmp' to 'C:/Users/20150/Documents/Unreal Projects/model/Content/player.uasset'
[2020.10.24-13.26.46:292][761]AssetCheck: New page: 资产保存：Player
[2020.10.24-13.26.46:292][761]LogContentValidation: Display: 正在验证Blueprint /Game/player.Player
[2020.10.24-13.27.37:488][472]BlueprintLog: New page: 编译Player
[2020.10.24-13.27.37:617][472]LogUObjectHash: Compacting FUObjectHashTables data took   4.15ms
[2020.10.24-13.27.38:172][484]Cmd: OBJ SAVEPACKAGE PACKAGE="/Game/player" FILE="C:/Users/20150/Documents/Unreal Projects/model/Content/player.uasset" SILENT=true
[2020.10.24-13.27.38:238][484]LogSavePackage: Moving 'C:/Users/20150/Documents/Unreal Projects/model/Saved/player4F9B3BF64DE88A812E1170A1DE9D75AC.tmp' to 'C:/Users/20150/Documents/Unreal Projects/model/Content/player.uasset'
[2020.10.24-13.27.38:259][484]AssetCheck: New page: 资产保存：Player
[2020.10.24-13.27.38:259][484]LogContentValidation: Display: 正在验证Blueprint /Game/player.Player
[2020.10.24-13.27.40:142][547]LogTemp: Repeating last play command: 模拟
[2020.10.24-13.27.40:168][547]LogPlayLevel: PlayLevel: No blueprints needed recompiling
[2020.10.24-13.27.40:168][547]PIE: New page: SIE会话：beginPlay（2020年10月25日 上午5:27:40）
[2020.10.24-13.27.40:168][547]LogPlayLevel: Creating play world package: /Game/UEDPIE_0_beginPlay
[2020.10.24-13.27.40:174][547]LogPlayLevel: PIE: StaticDuplicateObject took: (0.005582s)
[2020.10.24-13.27.40:175][547]LogAIModule: Creating AISystem for world beginPlay
[2020.10.24-13.27.40:175][547]LogAISub: UAISubsystem::UAISubsystem EnvQueryManager (000001C8946AE400), frame # 18547
[2020.10.24-13.27.40:175][547]LogAISub: UAISubsystem::UAISubsystem AIPerceptionSystem (000001C89DD1CF40), frame # 18547
[2020.10.24-13.27.40:176][547]LogPlayLevel: PIE: World Init took: (0.001852s)
[2020.10.24-13.27.40:176][547]LogPlayLevel: PIE: Created PIE world by copying editor world from /Game/beginPlay.beginPlay to /Game/UEDPIE_0_beginPlay.beginPlay (0.007887s)
[2020.10.24-13.27.40:209][547]LogUObjectHash: Compacting FUObjectHashTables data took   3.92ms
[2020.10.24-13.27.40:211][547]LogAudioMixer: Display: Audio Mixer Platform Settings:
[2020.10.24-13.27.40:211][547]LogAudioMixer: Display: 	Sample Rate:						  48000
[2020.10.24-13.27.40:211][547]LogAudioMixer: Display: 	Callback Buffer Frame Size Requested: 1024
[2020.10.24-13.27.40:211][547]LogAudioMixer: Display: 	Callback Buffer Frame Size To Use:	  1024
[2020.10.24-13.27.40:211][547]LogAudioMixer: Display: 	Number of buffers to queue:			  2
[2020.10.24-13.27.40:211][547]LogAudioMixer: Display: 	Max Channels (voices):				  32
[2020.10.24-13.27.40:211][547]LogAudioMixer: Display: 	Number of Async Source Workers:		  0
[2020.10.24-13.27.40:211][547]LogAudio: Display: AudioDevice MaxSources: 32
[2020.10.24-13.27.40:213][547]LogAudio: Display: Using built-in audio occlusion.
[2020.10.24-13.27.40:213][547]LogAudioMixer: Display: Initializing audio mixer.
[2020.10.24-13.27.40:221][547]LogAudioMixer: Display: 0: FrontLeft
[2020.10.24-13.27.40:221][547]LogAudioMixer: Display: 1: FrontRight
[2020.10.24-13.27.40:255][547]LogAudioMixer: Display: Using Audio Device 耳机 (OPPO Enco W51 Stereo)
[2020.10.24-13.27.40:255][547]LogAudioMixer: Display: Initializing Sound Submixes...
[2020.10.24-13.27.40:255][547]LogAudioMixer: Display: Creating Master Submix 'MasterSubmixDefault'
[2020.10.24-13.27.40:256][547]LogAudioMixer: Display: Creating Master Submix 'MasterReverbSubmixDefault'
[2020.10.24-13.27.40:256][547]LogAudioMixer: Display: Creating Master Submix 'MasterEQSubmixDefault'
[2020.10.24-13.27.40:285][547]LogInit: FAudioDevice initialized.
[2020.10.24-13.27.40:297][547]LogLoad: Game class is 'GameModeBase'
[2020.10.24-13.27.40:299][547]LogWorld: Bringing World /Game/UEDPIE_0_beginPlay.beginPlay up for play (max tick rate 60) at 2020.10.24-21.27.40
[2020.10.24-13.27.40:300][547]LogWorld: Bringing up level for play took: 0.001580
[2020.10.24-13.27.40:300][547]LogOnline: OSS: Creating online subsystem instance for: :Context_11
[2020.10.24-13.27.40:302][547]LogGameMode: FindPlayerStart: PATHS NOT DEFINED or NO PLAYERSTART with positive rating
[2020.10.24-13.27.40:303][547]PIE: 登陆的服务器
[2020.10.24-13.27.40:304][547]PIE: PIE总开始时间：0.14秒。
[2020.10.24-13.27.57:542][255]LogSlate: Updating window title bar state: overlay mode, drag disabled, window buttons hidden, title bar hidden
[2020.10.24-13.27.57:542][255]LogWorld: BeginTearingDown for /Game/UEDPIE_0_beginPlay
[2020.10.24-13.27.57:543][255]LogWorld: UWorld::CleanupWorld for beginPlay, bSessionEnded=true, bCleanupResources=true
[2020.10.24-13.27.57:544][255]LogSlate: InvalidateAllWidgets triggered.  All widgets were invalidated
[2020.10.24-13.27.57:583][255]LogPlayLevel: Display: Shutting down PIE online subsystems
[2020.10.24-13.27.57:592][255]LogSlate: InvalidateAllWidgets triggered.  All widgets were invalidated
[2020.10.24-13.27.57:664][255]LogSlate: Updating window title bar state: overlay mode, drag disabled, window buttons hidden, title bar hidden
[2020.10.24-13.27.57:665][255]LogAISub: UAISubsystem::~UAISubsystem AIPerceptionSystem (000001C89DD1CF40), frame # 19255
[2020.10.24-13.27.57:665][255]LogAISub: UAISubsystem::~UAISubsystem EnvQueryManager (000001C8946AE400), frame # 19255
[2020.10.24-13.27.57:670][255]LogUObjectHash: Compacting FUObjectHashTables data took   3.94ms
[2020.10.24-13.27.57:716][256]LogPlayLevel: Display: Destroying online subsystem :Context_11
[2020.10.24-13.27.58:776][278]LogUObjectHash: Compacting FUObjectHashTables data took   3.80ms
[2020.10.24-13.28.01:094][278]LogSlate: Window '保存内容' being destroyed
[2020.10.24-13.28.01:126][278]Cmd: OBJ SAVEPACKAGE PACKAGE="/Game/beginPlay" FILE="C:/Users/20150/Documents/Unreal Projects/model/Content/beginPlay.umap" SILENT=true AUTOSAVING=false KEEPDIRTY=false
[2020.10.24-13.28.01:146][278]LogUObjectHash: Compacting FUObjectHashTables data took   0.49ms
[2020.10.24-13.28.01:191][278]LogSavePackage: Moving 'C:/Users/20150/Documents/Unreal Projects/model/Saved/beginPlay2F9F721349476FC40FFB8BB4C2269288.tmp' to 'C:/Users/20150/Documents/Unreal Projects/model/Content/beginPlay.umap'
[2020.10.24-13.28.01:210][278]LogFileHelpers: Saving map 'beginPlay' took 0.084
[2020.10.24-13.28.01:210][278]Cmd: OBJ SAVEPACKAGE PACKAGE="/Game/beginPlay_BuiltData" FILE="C:/Users/20150/Documents/Unreal Projects/model/Content/beginPlay_BuiltData.uasset" SILENT=true
[2020.10.24-13.28.01:244][278]LogSavePackage: Moving 'C:/Users/20150/Documents/Unreal Projects/model/Saved/beginPlay_BuiltData2ED4449A419F018594C0F3B065925024.tmp' to 'C:/Users/20150/Documents/Unreal Projects/model/Content/beginPlay_BuiltData.uasset'
[2020.10.24-13.28.01:265][278]AssetCheck: New page: 资产保存：多个资产
[2020.10.24-13.28.01:265][278]LogContentValidation: Display: 正在验证World /Game/beginPlay.beginPlay
[2020.10.24-13.28.01:265][278]LogContentValidation: Display: 正在验证MapBuildDataRegistry /Game/beginPlay_BuiltData.beginPlay_BuiltData
